TN:
SF:src/controllers/analyticsController.js
FN:14,(anonymous_0)
FN:100,(anonymous_1)
FNF:2
FNH:0
FNDA:0,(anonymous_0)
FNDA:0,(anonymous_1)
DA:14,0
DA:15,0
DA:16,0
DA:19,0
DA:22,0
DA:23,0
DA:24,0
DA:26,0
DA:27,0
DA:29,0
DA:30,0
DA:32,0
DA:33,0
DA:35,0
DA:50,0
DA:75,0
DA:100,0
DA:101,0
DA:103,0
DA:104,0
DA:107,0
DA:112,0
LF:22
LH:0
BRDA:15,0,0,0
BRDA:15,0,1,0
BRDA:19,1,0,0
BRDA:24,2,0,0
BRDA:24,2,1,0
BRDA:24,2,2,0
BRDA:24,2,3,0
BRDA:88,3,0,0
BRDA:88,3,1,0
BRDA:90,4,0,0
BRDA:90,4,1,0
BRDA:103,5,0,0
BRDA:103,5,1,0
BRDA:113,6,0,0
BRDA:113,6,1,0
BRDA:114,7,0,0
BRDA:114,7,1,0
BRDA:115,8,0,0
BRDA:115,8,1,0
BRDA:116,9,0,0
BRDA:116,9,1,0
BRDA:118,10,0,0
BRDA:118,10,1,0
BRF:23
BRH:0
end_of_record
TN:
SF:src/controllers/authController.js
FN:15,(anonymous_0)
FN:19,(anonymous_1)
FN:87,(anonymous_2)
FN:91,(anonymous_3)
FN:165,(anonymous_4)
FN:178,(anonymous_5)
FN:240,(anonymous_6)
FN:259,(anonymous_7)
FNF:8
FNH:4
FNDA:3,(anonymous_0)
FNDA:3,(anonymous_1)
FNDA:2,(anonymous_2)
FNDA:2,(anonymous_3)
FNDA:0,(anonymous_4)
FNDA:0,(anonymous_5)
FNDA:0,(anonymous_6)
FNDA:0,(anonymous_7)
DA:15,1
DA:16,3
DA:19,3
DA:22,3
DA:23,3
DA:24,0
DA:25,0
DA:29,3
DA:30,3
DA:32,0
DA:33,0
DA:37,3
DA:43,3
DA:45,3
DA:47,3
DA:50,3
DA:51,3
DA:53,0
DA:57,3
DA:58,3
DA:61,3
DA:62,3
DA:65,3
DA:73,3
DA:87,1
DA:88,2
DA:91,2
DA:94,2
DA:96,2
DA:97,0
DA:98,0
DA:99,0
DA:100,0
DA:103,2
DA:104,0
DA:105,0
DA:106,0
DA:107,0
DA:111,2
DA:112,2
DA:113,1
DA:114,1
DA:115,1
DA:116,1
DA:120,1
DA:122,1
DA:123,1
DA:124,1
DA:125,1
DA:128,1
DA:134,1
DA:135,1
DA:138,1
DA:139,1
DA:142,1
DA:150,1
DA:165,1
DA:166,0
DA:170,0
DA:171,0
DA:174,0
DA:178,1
DA:179,0
DA:181,0
DA:182,0
DA:186,0
DA:188,0
DA:189,0
DA:194,0
DA:195,0
DA:198,0
DA:199,0
DA:200,0
DA:204,0
DA:205,0
DA:206,0
DA:210,0
DA:211,0
DA:214,0
DA:215,0
DA:218,0
DA:219,0
DA:222,0
DA:230,0
DA:232,0
DA:240,1
DA:241,0
DA:243,0
DA:245,0
DA:251,0
DA:253,0
DA:259,1
DA:260,0
DA:262,0
DA:263,0
DA:267,0
DA:268,0
DA:269,0
DA:270,0
DA:274,0
DA:275,0
DA:276,0
DA:280,0
DA:281,0
DA:282,0
DA:283,0
DA:287,0
DA:288,0
DA:291,0
DA:296,0
DA:297,0
DA:299,0
LF:112
LH:47
BRDA:23,0,0,0
BRDA:23,0,1,3
BRDA:30,1,0,0
BRDA:30,1,1,3
BRDA:96,2,0,0
BRDA:96,2,1,2
BRDA:103,3,0,0
BRDA:103,3,1,2
BRDA:112,4,0,1
BRDA:112,4,1,1
BRDA:170,5,0,0
BRDA:170,5,1,0
BRDA:181,6,0,0
BRDA:181,6,1,0
BRDA:188,7,0,0
BRDA:188,7,1,0
BRDA:188,8,0,0
BRDA:188,8,1,0
BRDA:205,9,0,0
BRDA:205,9,1,0
BRDA:205,10,0,0
BRDA:205,10,1,0
BRDA:243,11,0,0
BRDA:243,11,1,0
BRDA:262,12,0,0
BRDA:262,12,1,0
BRDA:262,13,0,0
BRDA:262,13,1,0
BRDA:268,14,0,0
BRDA:268,14,1,0
BRDA:275,15,0,0
BRDA:275,15,1,0
BRDA:281,16,0,0
BRDA:281,16,1,0
BRF:34
BRH:6
end_of_record
TN:
SF:src/controllers/blogController.js
FN:6,(anonymous_0)
FN:30,(anonymous_1)
FN:46,(anonymous_2)
FN:76,(anonymous_3)
FN:111,(anonymous_4)
FNF:5
FNH:0
FNDA:0,(anonymous_0)
FNDA:0,(anonymous_1)
FNDA:0,(anonymous_2)
FNDA:0,(anonymous_3)
FNDA:0,(anonymous_4)
DA:6,0
DA:7,0
DA:8,0
DA:10,0
DA:11,0
DA:14,0
DA:15,0
DA:18,0
DA:19,0
DA:22,0
DA:26,0
DA:30,0
DA:31,0
DA:32,0
DA:34,0
DA:35,0
DA:39,0
DA:40,0
DA:42,0
DA:46,0
DA:47,0
DA:50,0
DA:53,0
DA:55,0
DA:70,0
DA:71,0
DA:72,0
DA:76,0
DA:77,0
DA:78,0
DA:80,0
DA:82,0
DA:83,0
DA:87,0
DA:88,0
DA:89,0
DA:90,0
DA:91,0
DA:92,0
DA:93,0
DA:94,0
DA:95,0
DA:96,0
DA:97,0
DA:98,0
DA:101,0
DA:102,0
DA:105,0
DA:106,0
DA:107,0
DA:111,0
DA:112,0
DA:113,0
DA:115,0
DA:116,0
DA:119,0
DA:120,0
LF:57
LH:0
BRDA:10,0,0,0
BRDA:10,0,1,0
BRDA:14,1,0,0
BRDA:14,1,1,0
BRDA:18,2,0,0
BRDA:18,2,1,0
BRDA:34,3,0,0
BRDA:34,3,1,0
BRDA:50,4,0,0
BRDA:50,4,1,0
BRDA:53,5,0,0
BRDA:53,5,1,0
BRDA:53,6,0,0
BRDA:53,6,1,0
BRDA:60,7,0,0
BRDA:60,7,1,0
BRDA:61,8,0,0
BRDA:61,8,1,0
BRDA:62,9,0,0
BRDA:62,9,1,0
BRDA:63,10,0,0
BRDA:63,10,1,0
BRDA:64,11,0,0
BRDA:64,11,1,0
BRDA:65,12,0,0
BRDA:65,12,1,0
BRDA:66,13,0,0
BRDA:66,13,1,0
BRDA:67,14,0,0
BRDA:67,14,1,0
BRDA:82,15,0,0
BRDA:82,15,1,0
BRDA:87,16,0,0
BRDA:87,16,1,0
BRDA:88,17,0,0
BRDA:88,17,1,0
BRDA:89,18,0,0
BRDA:89,18,1,0
BRDA:90,19,0,0
BRDA:90,19,1,0
BRDA:91,20,0,0
BRDA:91,20,1,0
BRDA:92,21,0,0
BRDA:92,21,1,0
BRDA:93,22,0,0
BRDA:93,22,1,0
BRDA:94,23,0,0
BRDA:94,23,1,0
BRDA:95,24,0,0
BRDA:95,24,1,0
BRDA:96,25,0,0
BRDA:96,25,1,0
BRDA:97,26,0,0
BRDA:97,26,1,0
BRDA:98,27,0,0
BRDA:98,27,1,0
BRDA:101,28,0,0
BRDA:101,28,1,0
BRDA:101,29,0,0
BRDA:101,29,1,0
BRDA:115,30,0,0
BRDA:115,30,1,0
BRF:62
BRH:0
end_of_record
TN:
SF:src/controllers/bookmarkController.js
FN:6,(anonymous_0)
FN:44,(anonymous_1)
FN:76,(anonymous_2)
FN:94,(anonymous_3)
FN:114,(anonymous_4)
FN:139,(anonymous_5)
FNF:6
FNH:0
FNDA:0,(anonymous_0)
FNDA:0,(anonymous_1)
FNDA:0,(anonymous_2)
FNDA:0,(anonymous_3)
FNDA:0,(anonymous_4)
FNDA:0,(anonymous_5)
DA:6,0
DA:7,0
DA:8,0
DA:10,0
DA:12,0
DA:13,0
DA:16,0
DA:17,0
DA:20,0
DA:22,0
DA:28,0
DA:30,0
DA:32,0
DA:44,0
DA:45,0
DA:46,0
DA:49,0
DA:55,0
DA:56,0
DA:59,0
DA:68,0
DA:70,0
DA:72,0
DA:76,0
DA:77,0
DA:82,0
DA:83,0
DA:86,0
DA:88,0
DA:90,0
DA:94,0
DA:95,0
DA:96,0
DA:98,0
DA:104,0
DA:105,0
DA:108,0
DA:110,0
DA:114,0
DA:115,0
DA:116,0
DA:118,0
DA:123,0
DA:124,0
DA:127,0
DA:128,0
DA:129,0
DA:131,0
DA:133,0
DA:135,0
DA:139,0
DA:140,0
DA:141,0
DA:143,0
DA:149,0
LF:55
LH:0
BRDA:7,0,0,0
BRDA:7,1,0,0
BRDA:12,2,0,0
BRDA:12,2,1,0
BRDA:16,3,0,0
BRDA:16,3,1,0
BRDA:45,4,0,0
BRDA:55,5,0,0
BRDA:55,5,1,0
BRDA:64,6,0,0
BRDA:64,6,1,0
BRDA:65,7,0,0
BRDA:65,7,1,0
BRDA:82,8,0,0
BRDA:82,8,1,0
BRDA:104,9,0,0
BRDA:104,9,1,0
BRDA:123,10,0,0
BRDA:123,10,1,0
BRDA:127,11,0,0
BRDA:127,11,1,0
BRDA:128,12,0,0
BRDA:128,12,1,0
BRDA:129,13,0,0
BRDA:129,13,1,0
BRDA:149,14,0,0
BRDA:149,14,1,0
BRF:27
BRH:0
end_of_record
TN:
SF:src/controllers/collectionController.js
FN:6,(anonymous_0)
FN:47,(anonymous_1)
FN:49,(anonymous_2)
FN:109,(anonymous_3)
FN:120,(anonymous_4)
FN:172,(anonymous_5)
FN:185,(anonymous_6)
FN:202,(anonymous_7)
FN:219,(anonymous_8)
FNF:9
FNH:0
FNDA:0,(anonymous_0)
FNDA:0,(anonymous_1)
FNDA:0,(anonymous_2)
FNDA:0,(anonymous_3)
FNDA:0,(anonymous_4)
FNDA:0,(anonymous_5)
FNDA:0,(anonymous_6)
FNDA:0,(anonymous_7)
FNDA:0,(anonymous_8)
DA:6,0
DA:15,0
DA:17,0
DA:19,0
DA:20,0
DA:23,0
DA:24,0
DA:27,0
DA:28,0
DA:31,0
DA:32,0
DA:35,0
DA:36,0
DA:38,0
DA:46,0
DA:48,0
DA:50,0
DA:52,0
DA:53,0
DA:55,0
DA:56,0
DA:57,0
DA:59,0
DA:60,0
DA:61,0
DA:63,0
DA:64,0
DA:65,0
DA:67,0
DA:68,0
DA:69,0
DA:71,0
DA:72,0
DA:73,0
DA:76,0
DA:79,0
DA:86,0
DA:93,0
DA:95,0
DA:97,0
DA:109,0
DA:110,0
DA:114,0
DA:115,0
DA:119,0
DA:121,0
DA:123,0
DA:124,0
DA:126,0
DA:127,0
DA:128,0
DA:130,0
DA:131,0
DA:132,0
DA:134,0
DA:135,0
DA:136,0
DA:138,0
DA:139,0
DA:140,0
DA:142,0
DA:143,0
DA:144,0
DA:147,0
DA:150,0
DA:157,0
DA:159,0
DA:160,0
DA:164,0
DA:166,0
DA:168,0
DA:172,0
DA:173,0
DA:177,0
DA:179,0
DA:181,0
DA:185,0
DA:186,0
DA:192,0
DA:193,0
DA:196,0
DA:198,0
DA:202,0
DA:203,0
DA:209,0
DA:210,0
DA:213,0
DA:215,0
DA:219,0
DA:220,0
DA:226,0
DA:227,0
DA:230,0
DA:232,0
LF:94
LH:0
BRDA:12,0,0,0
BRDA:13,1,0,0
BRDA:14,2,0,0
BRDA:19,3,0,0
BRDA:19,3,1,0
BRDA:20,4,0,0
BRDA:20,4,1,0
BRDA:23,5,0,0
BRDA:23,5,1,0
BRDA:27,6,0,0
BRDA:27,6,1,0
BRDA:31,7,0,0
BRDA:31,7,1,0
BRDA:36,8,0,0
BRDA:36,8,1,0
BRDA:53,9,0,0
BRDA:53,9,1,0
BRDA:53,9,2,0
BRDA:53,9,3,0
BRDA:53,9,4,0
BRDA:81,10,0,0
BRDA:81,10,1,0
BRDA:114,11,0,0
BRDA:114,11,1,0
BRDA:114,12,0,0
BRDA:114,12,1,0
BRDA:124,13,0,0
BRDA:124,13,1,0
BRDA:124,13,2,0
BRDA:124,13,3,0
BRDA:124,13,4,0
BRDA:152,14,0,0
BRDA:152,14,1,0
BRDA:159,15,0,0
BRDA:159,15,1,0
BRDA:159,16,0,0
BRDA:159,16,1,0
BRDA:192,17,0,0
BRDA:192,17,1,0
BRDA:209,18,0,0
BRDA:209,18,1,0
BRDA:226,19,0,0
BRDA:226,19,1,0
BRF:43
BRH:0
end_of_record
TN:
SF:src/controllers/commentController.js
FN:5,(anonymous_0)
FN:32,(anonymous_1)
FN:48,(anonymous_2)
FN:70,(anonymous_3)
FN:81,(anonymous_4)
FNF:5
FNH:0
FNDA:0,(anonymous_0)
FNDA:0,(anonymous_1)
FNDA:0,(anonymous_2)
FNDA:0,(anonymous_3)
FNDA:0,(anonymous_4)
DA:5,0
DA:6,0
DA:7,0
DA:9,0
DA:10,0
DA:13,0
DA:20,0
DA:23,0
DA:25,0
DA:27,0
DA:32,0
DA:33,0
DA:34,0
DA:47,0
DA:49,0
DA:56,0
DA:63,0
DA:65,0
DA:70,0
DA:71,0
DA:72,0
DA:73,0
DA:74,0
DA:77,0
DA:78,0
DA:80,0
DA:81,0
DA:83,0
DA:86,0
DA:87,0
DA:89,0
LF:31
LH:0
BRDA:9,0,0,0
BRDA:9,0,1,0
BRDA:9,1,0,0
BRDA:9,1,1,0
BRDA:17,2,0,0
BRDA:17,2,1,0
BRDA:73,3,0,0
BRDA:73,3,1,0
BRDA:80,4,0,0
BRDA:80,4,1,0
BRF:10
BRH:0
end_of_record
TN:
SF:src/controllers/communityController.js
FN:8,(anonymous_0)
FN:59,(anonymous_1)
FN:83,(anonymous_2)
FN:121,(anonymous_3)
FN:190,(anonymous_4)
FN:231,(anonymous_5)
FN:275,(anonymous_6)
FN:297,(anonymous_7)
FN:300,(anonymous_8)
FN:312,(anonymous_9)
FN:359,(anonymous_10)
FN:373,(anonymous_11)
FN:391,(anonymous_12)
FN:398,(anonymous_13)
FN:401,(anonymous_14)
FNF:15
FNH:0
FNDA:0,(anonymous_0)
FNDA:0,(anonymous_1)
FNDA:0,(anonymous_2)
FNDA:0,(anonymous_3)
FNDA:0,(anonymous_4)
FNDA:0,(anonymous_5)
FNDA:0,(anonymous_6)
FNDA:0,(anonymous_7)
FNDA:0,(anonymous_8)
FNDA:0,(anonymous_9)
FNDA:0,(anonymous_10)
FNDA:0,(anonymous_11)
FNDA:0,(anonymous_12)
FNDA:0,(anonymous_13)
FNDA:0,(anonymous_14)
DA:8,0
DA:9,0
DA:10,0
DA:12,0
DA:14,0
DA:15,0
DA:18,0
DA:19,0
DA:21,0
DA:22,0
DA:25,0
DA:26,0
DA:27,0
DA:30,0
DA:36,0
DA:37,0
DA:42,0
DA:45,0
DA:46,0
DA:49,0
DA:58,0
DA:60,0
DA:61,0
DA:69,0
DA:71,0
DA:83,0
DA:84,0
DA:96,0
DA:97,0
DA:101,0
DA:102,0
DA:103,0
DA:106,0
DA:112,0
DA:113,0
DA:117,0
DA:121,0
DA:122,0
DA:124,0
DA:125,0
DA:128,0
DA:129,0
DA:132,0
DA:133,0
DA:134,0
DA:136,0
DA:137,0
DA:141,0
DA:147,0
DA:148,0
DA:152,0
DA:157,0
DA:169,0
DA:170,0
DA:171,0
DA:172,0
DA:175,0
DA:176,0
DA:177,0
DA:181,0
DA:182,0
DA:184,0
DA:186,0
DA:190,0
DA:191,0
DA:193,0
DA:194,0
DA:198,0
DA:200,0
DA:201,0
DA:206,0
DA:209,0
DA:210,0
DA:213,0
DA:215,0
DA:216,0
DA:217,0
DA:218,0
DA:219,0
DA:220,0
DA:222,0
DA:223,0
DA:225,0
DA:227,0
DA:231,0
DA:232,0
DA:234,0
DA:235,0
DA:239,0
DA:241,0
DA:242,0
DA:247,0
DA:250,0
DA:251,0
DA:255,0
DA:257,0
DA:260,0
DA:261,0
DA:262,0
DA:263,0
DA:264,0
DA:265,0
DA:269,0
DA:271,0
DA:275,0
DA:276,0
DA:279,0
DA:280,0
DA:284,0
DA:285,0
DA:291,0
DA:292,0
DA:296,0
DA:297,0
DA:299,0
DA:300,0
DA:302,0
DA:305,0
DA:306,0
DA:308,0
DA:312,0
DA:313,0
DA:315,0
DA:316,0
DA:319,0
DA:322,0
DA:323,0
DA:327,0
DA:328,0
DA:334,0
DA:335,0
DA:339,0
DA:346,0
DA:347,0
DA:350,0
DA:351,0
DA:353,0
DA:355,0
DA:359,0
DA:360,0
DA:372,0
DA:374,0
DA:380,0
DA:387,0
DA:391,0
DA:392,0
DA:393,0
DA:394,0
DA:397,0
DA:398,0
DA:400,0
DA:401,0
DA:403,0
DA:406,0
DA:407,0
DA:409,0
LF:156
LH:0
BRDA:9,0,0,0
BRDA:9,1,0,0
BRDA:14,2,0,0
BRDA:14,2,1,0
BRDA:21,3,0,0
BRDA:21,3,1,0
BRDA:25,4,0,0
BRDA:25,4,1,0
BRDA:26,5,0,0
BRDA:26,5,1,0
BRDA:36,6,0,0
BRDA:36,6,1,0
BRDA:45,7,0,0
BRDA:45,7,1,0
BRDA:96,8,0,0
BRDA:96,8,1,0
BRDA:101,9,0,0
BRDA:101,9,1,0
BRDA:101,10,0,0
BRDA:101,10,1,0
BRDA:102,11,0,0
BRDA:102,11,1,0
BRDA:112,12,0,0
BRDA:112,12,1,0
BRDA:124,13,0,0
BRDA:124,13,1,0
BRDA:124,14,0,0
BRDA:124,14,1,0
BRDA:132,15,0,0
BRDA:132,15,1,0
BRDA:136,16,0,0
BRDA:136,16,1,0
BRDA:147,17,0,0
BRDA:147,17,1,0
BRDA:152,18,0,0
BRDA:152,18,1,0
BRDA:158,19,0,0
BRDA:158,19,1,0
BRDA:161,20,0,0
BRDA:161,20,1,0
BRDA:162,21,0,0
BRDA:162,21,1,0
BRDA:163,22,0,0
BRDA:163,22,1,0
BRDA:164,23,0,0
BRDA:164,23,1,0
BRDA:165,24,0,0
BRDA:165,24,1,0
BRDA:171,25,0,0
BRDA:171,25,1,0
BRDA:175,26,0,0
BRDA:175,26,1,0
BRDA:193,27,0,0
BRDA:193,27,1,0
BRDA:198,28,0,0
BRDA:198,28,1,0
BRDA:200,29,0,0
BRDA:200,29,1,0
BRDA:200,30,0,0
BRDA:200,30,1,0
BRDA:206,31,0,0
BRDA:206,31,1,0
BRDA:209,32,0,0
BRDA:209,32,1,0
BRDA:215,33,0,0
BRDA:215,33,1,0
BRDA:216,34,0,0
BRDA:216,34,1,0
BRDA:217,35,0,0
BRDA:217,35,1,0
BRDA:218,36,0,0
BRDA:218,36,1,0
BRDA:219,37,0,0
BRDA:219,37,1,0
BRDA:220,38,0,0
BRDA:220,38,1,0
BRDA:234,39,0,0
BRDA:234,39,1,0
BRDA:239,40,0,0
BRDA:239,40,1,0
BRDA:241,41,0,0
BRDA:241,41,1,0
BRDA:241,42,0,0
BRDA:241,42,1,0
BRDA:247,43,0,0
BRDA:247,43,1,0
BRDA:250,44,0,0
BRDA:250,44,1,0
BRDA:260,45,0,0
BRDA:260,45,1,0
BRDA:263,46,0,0
BRDA:263,46,1,0
BRDA:279,47,0,0
BRDA:279,47,1,0
BRDA:284,48,0,0
BRDA:284,48,1,0
BRDA:284,49,0,0
BRDA:284,49,1,0
BRDA:291,50,0,0
BRDA:291,50,1,0
BRDA:299,51,0,0
BRDA:299,51,1,0
BRDA:315,52,0,0
BRDA:315,52,1,0
BRDA:315,53,0,0
BRDA:315,53,1,0
BRDA:322,54,0,0
BRDA:322,54,1,0
BRDA:327,55,0,0
BRDA:327,55,1,0
BRDA:327,56,0,0
BRDA:327,56,1,0
BRDA:334,57,0,0
BRDA:334,57,1,0
BRDA:343,58,0,0
BRDA:343,58,1,0
BRDA:393,59,0,0
BRDA:393,59,1,0
BRDA:400,60,0,0
BRDA:400,60,1,0
BRF:120
BRH:0
end_of_record
TN:
SF:src/controllers/communityGroupController.js
FN:10,(anonymous_0)
FN:34,(anonymous_1)
FN:63,(anonymous_2)
FN:71,(anonymous_3)
FN:79,(anonymous_4)
FN:134,(anonymous_5)
FN:190,(anonymous_6)
FN:227,(anonymous_7)
FN:251,(anonymous_8)
FN:318,(anonymous_9)
FN:352,(anonymous_10)
FN:390,(anonymous_11)
FN:407,(anonymous_12)
FN:478,(anonymous_13)
FN:529,(anonymous_14)
FN:580,(anonymous_15)
FNF:16
FNH:0
FNDA:0,(anonymous_0)
FNDA:0,(anonymous_1)
FNDA:0,(anonymous_2)
FNDA:0,(anonymous_3)
FNDA:0,(anonymous_4)
FNDA:0,(anonymous_5)
FNDA:0,(anonymous_6)
FNDA:0,(anonymous_7)
FNDA:0,(anonymous_8)
FNDA:0,(anonymous_9)
FNDA:0,(anonymous_10)
FNDA:0,(anonymous_11)
FNDA:0,(anonymous_12)
FNDA:0,(anonymous_13)
FNDA:0,(anonymous_14)
FNDA:0,(anonymous_15)
DA:10,0
DA:11,0
DA:12,0
DA:14,0
DA:16,0
DA:17,0
DA:18,0
DA:19,0
DA:25,0
DA:33,0
DA:35,0
DA:36,0
DA:37,0
DA:42,0
DA:49,0
DA:51,0
DA:63,0
DA:64,0
DA:71,0
DA:79,0
DA:80,0
DA:83,0
DA:84,0
DA:88,0
DA:89,0
DA:90,0
DA:97,0
DA:98,0
DA:99,0
DA:101,0
DA:103,0
DA:111,0
DA:113,0
DA:115,0
DA:116,0
DA:123,0
DA:134,0
DA:135,0
DA:137,0
DA:138,0
DA:142,0
DA:143,0
DA:144,0
DA:147,0
DA:159,0
DA:162,0
DA:168,0
DA:171,0
DA:172,0
DA:174,0
DA:177,0
DA:178,0
DA:184,0
DA:186,0
DA:190,0
DA:191,0
DA:193,0
DA:194,0
DA:198,0
DA:203,0
DA:204,0
DA:207,0
DA:209,0
DA:210,0
DA:211,0
DA:212,0
DA:213,0
DA:214,0
DA:215,0
DA:216,0
DA:218,0
DA:219,0
DA:221,0
DA:223,0
DA:227,0
DA:228,0
DA:230,0
DA:231,0
DA:235,0
DA:236,0
DA:240,0
DA:241,0
DA:242,0
DA:243,0
DA:245,0
DA:247,0
DA:251,0
DA:252,0
DA:254,0
DA:255,0
DA:259,0
DA:264,0
DA:265,0
DA:266,0
DA:268,0
DA:269,0
DA:274,0
DA:275,0
DA:281,0
DA:282,0
DA:286,0
DA:287,0
DA:291,0
DA:292,0
DA:293,0
DA:294,0
DA:296,0
DA:302,0
DA:306,0
DA:310,0
DA:312,0
DA:314,0
DA:318,0
DA:319,0
DA:324,0
DA:325,0
DA:329,0
DA:330,0
DA:333,0
DA:334,0
DA:337,0
DA:338,0
DA:339,0
DA:343,0
DA:346,0
DA:348,0
DA:352,0
DA:354,0
DA:360,0
DA:361,0
DA:364,0
DA:365,0
DA:367,0
DA:372,0
DA:373,0
DA:375,0
DA:378,0
DA:380,0
DA:387,0
DA:389,0
DA:390,0
DA:407,0
DA:408,0
DA:410,0
DA:411,0
DA:414,0
DA:415,0
DA:416,0
DA:419,0
DA:424,0
DA:425,0
DA:429,0
DA:435,0
DA:436,0
DA:440,0
DA:442,0
DA:443,0
DA:446,0
DA:447,0
DA:450,0
DA:451,0
DA:453,0
DA:454,0
DA:456,0
DA:463,0
DA:464,0
DA:467,0
DA:468,0
DA:470,0
DA:472,0
DA:474,0
DA:478,0
DA:479,0
DA:484,0
DA:485,0
DA:489,0
DA:495,0
DA:496,0
DA:500,0
DA:501,0
DA:505,0
DA:506,0
DA:509,0
DA:510,0
DA:513,0
DA:514,0
DA:515,0
DA:519,0
DA:522,0
DA:523,0
DA:525,0
DA:529,0
DA:530,0
DA:535,0
DA:536,0
DA:540,0
DA:546,0
DA:547,0
DA:551,0
DA:552,0
DA:556,0
DA:557,0
DA:560,0
DA:561,0
DA:564,0
DA:565,0
DA:566,0
DA:570,0
DA:573,0
DA:574,0
DA:576,0
DA:580,0
DA:581,0
DA:586,0
DA:587,0
DA:590,0
DA:591,0
DA:595,0
DA:601,0
DA:602,0
DA:605,0
DA:606,0
DA:609,0
DA:610,0
DA:611,0
DA:615,0
DA:618,0
DA:619,0
DA:621,0
LF:229
LH:0
BRDA:11,0,0,0
BRDA:11,1,0,0
BRDA:16,2,0,0
BRDA:16,2,1,0
BRDA:17,3,0,0
BRDA:17,3,1,0
BRDA:18,4,0,0
BRDA:18,4,1,0
BRDA:36,5,0,0
BRDA:36,5,1,0
BRDA:83,6,0,0
BRDA:83,6,1,0
BRDA:89,7,0,0
BRDA:89,7,1,0
BRDA:97,8,0,0
BRDA:97,8,1,0
BRDA:98,9,0,0
BRDA:98,9,1,0
BRDA:99,10,0,0
BRDA:99,10,1,0
BRDA:101,11,0,0
BRDA:101,11,1,0
BRDA:101,12,0,0
BRDA:101,12,1,0
BRDA:111,13,0,0
BRDA:111,13,1,0
BRDA:113,14,0,0
BRDA:113,14,1,0
BRDA:115,15,0,0
BRDA:115,15,1,0
BRDA:115,16,0,0
BRDA:115,16,1,0
BRDA:125,17,0,0
BRDA:125,17,1,0
BRDA:137,18,0,0
BRDA:137,18,1,0
BRDA:137,19,0,0
BRDA:137,19,1,0
BRDA:143,20,0,0
BRDA:143,20,1,0
BRDA:150,21,0,0
BRDA:150,21,1,0
BRDA:151,22,0,0
BRDA:151,22,1,0
BRDA:152,23,0,0
BRDA:152,23,1,0
BRDA:153,24,0,0
BRDA:153,24,1,0
BRDA:154,25,0,0
BRDA:154,25,1,0
BRDA:156,26,0,0
BRDA:156,26,1,0
BRDA:193,27,0,0
BRDA:193,27,1,0
BRDA:203,28,0,0
BRDA:203,28,1,0
BRDA:203,29,0,0
BRDA:203,29,1,0
BRDA:209,30,0,0
BRDA:209,30,1,0
BRDA:210,31,0,0
BRDA:210,31,1,0
BRDA:211,32,0,0
BRDA:211,32,1,0
BRDA:212,33,0,0
BRDA:212,33,1,0
BRDA:213,34,0,0
BRDA:213,34,1,0
BRDA:214,35,0,0
BRDA:214,35,1,0
BRDA:215,36,0,0
BRDA:215,36,1,0
BRDA:216,37,0,0
BRDA:216,37,1,0
BRDA:230,38,0,0
BRDA:230,38,1,0
BRDA:235,39,0,0
BRDA:235,39,1,0
BRDA:254,40,0,0
BRDA:254,40,1,0
BRDA:264,41,0,0
BRDA:264,41,1,0
BRDA:265,42,0,0
BRDA:265,42,1,0
BRDA:268,43,0,0
BRDA:268,43,1,0
BRDA:274,44,0,0
BRDA:274,44,1,0
BRDA:281,45,0,0
BRDA:281,45,1,0
BRDA:291,46,0,0
BRDA:291,46,1,0
BRDA:324,47,0,0
BRDA:324,47,1,0
BRDA:329,48,0,0
BRDA:329,48,1,0
BRDA:338,49,0,0
BRDA:338,49,1,0
BRDA:360,50,0,0
BRDA:360,50,1,0
BRDA:364,51,0,0
BRDA:364,52,0,0
BRDA:372,53,0,0
BRDA:372,53,1,0
BRDA:378,54,0,0
BRDA:378,54,1,0
BRDA:410,55,0,0
BRDA:410,55,1,0
BRDA:415,56,0,0
BRDA:415,56,1,0
BRDA:424,57,0,0
BRDA:424,57,1,0
BRDA:435,58,0,0
BRDA:435,58,1,0
BRDA:435,59,0,0
BRDA:435,59,1,0
BRDA:440,60,0,0
BRDA:440,60,1,0
BRDA:463,61,0,0
BRDA:463,61,1,0
BRDA:484,62,0,0
BRDA:484,62,1,0
BRDA:495,63,0,0
BRDA:495,63,1,0
BRDA:495,64,0,0
BRDA:495,64,1,0
BRDA:500,65,0,0
BRDA:500,65,1,0
BRDA:500,66,0,0
BRDA:500,66,1,0
BRDA:505,67,0,0
BRDA:505,67,1,0
BRDA:514,68,0,0
BRDA:514,68,1,0
BRDA:535,69,0,0
BRDA:535,69,1,0
BRDA:546,70,0,0
BRDA:546,70,1,0
BRDA:546,71,0,0
BRDA:546,71,1,0
BRDA:551,72,0,0
BRDA:551,72,1,0
BRDA:551,73,0,0
BRDA:551,73,1,0
BRDA:556,74,0,0
BRDA:556,74,1,0
BRDA:565,75,0,0
BRDA:565,75,1,0
BRDA:586,76,0,0
BRDA:586,76,1,0
BRDA:590,77,0,0
BRDA:590,77,1,0
BRDA:601,78,0,0
BRDA:601,78,1,0
BRDA:601,79,0,0
BRDA:601,79,1,0
BRDA:610,80,0,0
BRDA:610,80,1,0
BRF:158
BRH:0
end_of_record
TN:
SF:src/controllers/communityInvitationController.js
FN:9,(anonymous_0)
FN:100,(anonymous_1)
FN:125,(anonymous_2)
FN:140,(anonymous_3)
FN:212,(anonymous_4)
FN:240,(anonymous_5)
FNF:6
FNH:0
FNDA:0,(anonymous_0)
FNDA:0,(anonymous_1)
FNDA:0,(anonymous_2)
FNDA:0,(anonymous_3)
FNDA:0,(anonymous_4)
FNDA:0,(anonymous_5)
DA:9,0
DA:10,0
DA:12,0
DA:13,0
DA:16,0
DA:17,0
DA:18,0
DA:22,0
DA:27,0
DA:28,0
DA:32,0
DA:33,0
DA:36,0
DA:37,0
DA:38,0
DA:39,0
DA:40,0
DA:42,0
DA:43,0
DA:44,0
DA:46,0
DA:52,0
DA:53,0
DA:61,0
DA:67,0
DA:68,0
DA:72,0
DA:78,0
DA:79,0
DA:82,0
DA:90,0
DA:91,0
DA:92,0
DA:94,0
DA:96,0
DA:100,0
DA:101,0
DA:104,0
DA:109,0
DA:110,0
DA:113,0
DA:121,0
DA:125,0
DA:126,0
DA:136,0
DA:140,0
DA:141,0
DA:144,0
DA:145,0
DA:149,0
DA:152,0
DA:153,0
DA:156,0
DA:157,0
DA:160,0
DA:161,0
DA:162,0
DA:163,0
DA:167,0
DA:173,0
DA:174,0
DA:175,0
DA:176,0
DA:180,0
DA:186,0
DA:189,0
DA:190,0
DA:191,0
DA:194,0
DA:195,0
DA:196,0
DA:200,0
DA:203,0
DA:205,0
DA:212,0
DA:213,0
DA:215,0
DA:216,0
DA:220,0
DA:223,0
DA:224,0
DA:227,0
DA:228,0
DA:231,0
DA:232,0
DA:234,0
DA:236,0
DA:240,0
DA:241,0
DA:244,0
DA:245,0
DA:249,0
DA:254,0
DA:257,0
DA:258,0
DA:261,0
DA:263,0
DA:265,0
LF:98
LH:0
BRDA:12,0,0,0
BRDA:12,0,1,0
BRDA:12,1,0,0
BRDA:12,1,1,0
BRDA:17,2,0,0
BRDA:17,2,1,0
BRDA:27,3,0,0
BRDA:27,3,1,0
BRDA:27,4,0,0
BRDA:27,4,1,0
BRDA:32,5,0,0
BRDA:32,5,1,0
BRDA:37,6,0,0
BRDA:37,6,1,0
BRDA:39,7,0,0
BRDA:39,7,1,0
BRDA:42,8,0,0
BRDA:42,8,1,0
BRDA:44,9,0,0
BRDA:44,9,1,0
BRDA:50,10,0,0
BRDA:50,10,1,0
BRDA:67,11,0,0
BRDA:67,11,1,0
BRDA:78,12,0,0
BRDA:78,12,1,0
BRDA:87,13,0,0
BRDA:87,13,1,0
BRDA:101,14,0,0
BRDA:109,15,0,0
BRDA:109,15,1,0
BRDA:109,16,0,0
BRDA:109,16,1,0
BRDA:144,17,0,0
BRDA:144,17,1,0
BRDA:149,18,0,0
BRDA:149,18,1,0
BRDA:152,19,0,0
BRDA:152,19,1,0
BRDA:156,20,0,0
BRDA:156,20,1,0
BRDA:160,21,0,0
BRDA:160,21,1,0
BRDA:160,22,0,0
BRDA:160,22,1,0
BRDA:173,23,0,0
BRDA:173,23,1,0
BRDA:195,24,0,0
BRDA:195,24,1,0
BRDA:215,25,0,0
BRDA:215,25,1,0
BRDA:220,26,0,0
BRDA:220,26,1,0
BRDA:223,27,0,0
BRDA:223,27,1,0
BRDA:227,28,0,0
BRDA:227,28,1,0
BRDA:244,29,0,0
BRDA:244,29,1,0
BRDA:254,30,0,0
BRDA:254,30,1,0
BRDA:254,30,2,0
BRDA:257,31,0,0
BRDA:257,31,1,0
BRF:64
BRH:0
end_of_record
TN:
SF:src/controllers/countryController.js
FN:6,(anonymous_0)
FN:27,(anonymous_1)
FN:54,(anonymous_2)
FN:67,(anonymous_3)
FN:75,(anonymous_4)
FN:94,(anonymous_5)
FN:110,(anonymous_6)
FNF:7
FNH:0
FNDA:0,(anonymous_0)
FNDA:0,(anonymous_1)
FNDA:0,(anonymous_2)
FNDA:0,(anonymous_3)
FNDA:0,(anonymous_4)
FNDA:0,(anonymous_5)
FNDA:0,(anonymous_6)
DA:6,0
DA:7,0
DA:9,0
DA:11,0
DA:12,0
DA:19,0
DA:23,0
DA:27,0
DA:28,0
DA:29,0
DA:33,0
DA:35,0
DA:38,0
DA:41,0
DA:42,0
DA:43,0
DA:46,0
DA:49,0
DA:50,0
DA:55,0
DA:60,0
DA:61,0
DA:63,0
DA:67,0
DA:68,0
DA:69,0
DA:70,0
DA:71,0
DA:75,0
DA:76,0
DA:78,0
DA:84,0
DA:85,0
DA:86,0
DA:89,0
DA:90,0
DA:94,0
DA:95,0
DA:101,0
DA:102,0
DA:105,0
DA:106,0
DA:110,0
DA:111,0
DA:113,0
DA:114,0
DA:117,0
DA:118,0
DA:119,0
DA:121,0
DA:122,0
DA:123,0
DA:125,0
DA:127,0
DA:150,0
DA:152,0
DA:176,0
DA:179,0
DA:183,0
DA:187,0
DA:188,0
LF:61
LH:0
BRDA:7,0,0,0
BRDA:11,1,0,0
BRDA:11,1,1,0
BRDA:33,2,0,0
BRDA:33,2,1,0
BRDA:41,3,0,0
BRDA:41,3,1,0
BRDA:49,4,0,0
BRDA:49,4,1,0
BRDA:84,5,0,0
BRDA:84,5,1,0
BRDA:101,6,0,0
BRDA:101,6,1,0
BRDA:113,7,0,0
BRDA:113,7,1,0
BRDA:113,8,0,0
BRDA:113,8,1,0
BRDA:125,9,0,0
BRDA:125,9,1,0
BRDA:130,10,0,0
BRDA:130,10,1,0
BRDA:135,11,0,0
BRDA:135,11,1,0
BRDA:136,12,0,0
BRDA:136,12,1,0
BRDA:138,13,0,0
BRDA:138,13,1,0
BRDA:140,14,0,0
BRDA:140,14,1,0
BRDA:141,15,0,0
BRDA:141,15,1,0
BRDA:142,16,0,0
BRDA:142,16,1,0
BRDA:143,17,0,0
BRDA:143,17,1,0
BRDA:144,18,0,0
BRDA:144,18,1,0
BRDA:145,19,0,0
BRDA:145,19,1,0
BRDA:154,20,0,0
BRDA:154,20,1,0
BRDA:159,21,0,0
BRDA:159,21,1,0
BRDA:160,22,0,0
BRDA:160,22,1,0
BRDA:162,23,0,0
BRDA:162,23,1,0
BRDA:164,24,0,0
BRDA:164,24,1,0
BRDA:165,25,0,0
BRDA:165,25,1,0
BRDA:166,26,0,0
BRDA:166,26,1,0
BRDA:167,27,0,0
BRDA:167,27,1,0
BRDA:168,28,0,0
BRDA:168,28,1,0
BRDA:169,29,0,0
BRDA:169,29,1,0
BRDA:180,30,0,0
BRDA:180,30,1,0
BRDA:183,31,0,0
BRDA:183,31,1,0
BRDA:192,32,0,0
BRDA:192,32,1,0
BRF:65
BRH:0
end_of_record
TN:
SF:src/controllers/couponController.js
FN:10,(anonymous_0)
FN:46,(anonymous_1)
FN:57,(anonymous_2)
FN:66,(anonymous_3)
FN:78,(anonymous_4)
FN:96,(anonymous_5)
FNF:6
FNH:0
FNDA:0,(anonymous_0)
FNDA:0,(anonymous_1)
FNDA:0,(anonymous_2)
FNDA:0,(anonymous_3)
FNDA:0,(anonymous_4)
FNDA:0,(anonymous_5)
DA:10,0
DA:11,0
DA:13,0
DA:14,0
DA:17,0
DA:18,0
DA:25,0
DA:35,0
DA:46,0
DA:47,0
DA:48,0
DA:50,0
DA:57,0
DA:58,0
DA:59,0
DA:66,0
DA:67,0
DA:68,0
DA:69,0
DA:71,0
DA:78,0
DA:79,0
DA:85,0
DA:86,0
DA:89,0
DA:96,0
DA:97,0
DA:99,0
DA:100,0
DA:103,0
LF:30
LH:0
BRDA:11,0,0,0
BRDA:13,1,0,0
BRDA:13,1,1,0
BRDA:13,2,0,0
BRDA:13,2,1,0
BRDA:68,3,0,0
BRDA:68,3,1,0
BRDA:85,4,0,0
BRDA:85,4,1,0
BRDA:99,5,0,0
BRDA:99,5,1,0
BRF:11
BRH:0
end_of_record
TN:
SF:src/controllers/historicalFigureController.js
FN:7,(anonymous_0)
FN:88,(anonymous_1)
FN:110,(anonymous_2)
FN:120,(anonymous_3)
FN:137,(anonymous_4)
FNF:5
FNH:0
FNDA:0,(anonymous_0)
FNDA:0,(anonymous_1)
FNDA:0,(anonymous_2)
FNDA:0,(anonymous_3)
FNDA:0,(anonymous_4)
DA:7,0
DA:18,0
DA:20,0
DA:22,0
DA:23,0
DA:26,0
DA:27,0
DA:28,0
DA:29,0
DA:32,0
DA:44,0
DA:45,0
DA:48,0
DA:49,0
DA:52,0
DA:53,0
DA:56,0
DA:57,0
DA:60,0
DA:61,0
DA:63,0
DA:72,0
DA:74,0
DA:76,0
DA:88,0
DA:89,0
DA:96,0
DA:97,0
DA:101,0
DA:102,0
DA:104,0
DA:106,0
DA:110,0
DA:111,0
DA:112,0
DA:114,0
DA:116,0
DA:120,0
DA:121,0
DA:127,0
DA:128,0
DA:131,0
DA:133,0
DA:137,0
DA:138,0
DA:144,0
DA:145,0
DA:148,0
DA:150,0
LF:49
LH:0
BRDA:15,0,0,0
BRDA:16,1,0,0
BRDA:17,2,0,0
BRDA:22,3,0,0
BRDA:22,3,1,0
BRDA:23,4,0,0
BRDA:23,4,1,0
BRDA:26,5,0,0
BRDA:26,5,1,0
BRDA:28,6,0,0
BRDA:28,6,1,0
BRDA:44,7,0,0
BRDA:44,7,1,0
BRDA:48,8,0,0
BRDA:48,8,1,0
BRDA:52,9,0,0
BRDA:52,9,1,0
BRDA:56,10,0,0
BRDA:56,10,1,0
BRDA:61,11,0,0
BRDA:61,11,1,0
BRDA:96,12,0,0
BRDA:96,12,1,0
BRDA:96,13,0,0
BRDA:96,13,1,0
BRDA:127,14,0,0
BRDA:127,14,1,0
BRDA:144,15,0,0
BRDA:144,15,1,0
BRF:29
BRH:0
end_of_record
TN:
SF:src/controllers/homeController.js
FN:15,(anonymous_0)
FN:68,(anonymous_1)
FN:117,(anonymous_2)
FN:182,(anonymous_3)
FNF:4
FNH:0
FNDA:0,(anonymous_0)
FNDA:0,(anonymous_1)
FNDA:0,(anonymous_2)
FNDA:0,(anonymous_3)
DA:15,0
DA:17,0
DA:18,0
DA:19,0
DA:20,0
DA:34,0
DA:47,0
DA:49,0
DA:62,0
DA:64,0
DA:68,0
DA:69,0
DA:71,0
DA:106,0
DA:117,0
DA:118,0
DA:121,0
DA:122,0
DA:123,0
DA:125,0
DA:126,0
DA:128,0
DA:129,0
DA:131,0
DA:132,0
DA:134,0
DA:137,0
DA:172,0
DA:182,0
DA:183,0
DA:185,0
DA:210,0
LF:32
LH:0
BRDA:19,0,0,0
BRDA:19,0,1,0
BRDA:47,1,0,0
BRDA:47,1,1,0
BRDA:47,2,0,0
BRDA:47,2,1,0
BRDA:69,3,0,0
BRDA:118,4,0,0
BRDA:118,5,0,0
BRDA:123,6,0,0
BRDA:123,6,1,0
BRDA:123,6,2,0
BRDA:123,6,3,0
BRDA:183,7,0,0
BRF:14
BRH:0
end_of_record
TN:
SF:src/controllers/monitoringController.js
FN:7,(anonymous_0)
FN:19,(anonymous_1)
FN:35,(anonymous_2)
FNF:3
FNH:0
FNDA:0,(anonymous_0)
FNDA:0,(anonymous_1)
FNDA:0,(anonymous_2)
DA:7,0
DA:8,0
DA:10,0
DA:12,0
DA:19,0
DA:20,0
DA:22,0
DA:27,0
DA:35,0
DA:36,0
DA:38,0
DA:40,0
LF:12
LH:0
BRDA:8,0,0,0
BRDA:20,1,0,0
BRDA:24,2,0,0
BRDA:24,2,1,0
BRDA:36,3,0,0
BRF:5
BRH:0
end_of_record
TN:
SF:src/controllers/newsletterController.js
FN:4,(anonymous_0)
FN:43,(anonymous_1)
FN:63,(anonymous_2)
FNF:3
FNH:0
FNDA:0,(anonymous_0)
FNDA:0,(anonymous_1)
FNDA:0,(anonymous_2)
DA:4,0
DA:5,0
DA:6,0
DA:8,0
DA:9,0
DA:13,0
DA:15,0
DA:16,0
DA:17,0
DA:20,0
DA:21,0
DA:22,0
DA:23,0
DA:24,0
DA:29,0
DA:34,0
DA:36,0
DA:38,0
DA:43,0
DA:44,0
DA:45,0
DA:47,0
DA:48,0
DA:49,0
DA:52,0
DA:53,0
DA:54,0
DA:56,0
DA:58,0
DA:63,0
DA:64,0
DA:65,0
DA:66,0
DA:68,0
DA:69,0
DA:71,0
DA:76,0
DA:78,0
DA:88,0
LF:39
LH:0
BRDA:8,0,0,0
BRDA:8,0,1,0
BRDA:15,1,0,0
BRDA:15,1,1,0
BRDA:16,2,0,0
BRDA:16,2,1,0
BRDA:22,3,0,0
BRDA:22,3,1,0
BRDA:31,4,0,0
BRDA:31,4,1,0
BRDA:48,5,0,0
BRDA:48,5,1,0
BRDA:65,6,0,0
BRDA:65,7,0,0
BRDA:69,8,0,0
BRDA:69,8,1,0
BRF:16
BRH:0
end_of_record
TN:
SF:src/controllers/notificationController.js
FN:5,(anonymous_0)
FN:32,(anonymous_1)
FN:54,(anonymous_2)
FN:70,(anonymous_3)
FNF:4
FNH:0
FNDA:0,(anonymous_0)
FNDA:0,(anonymous_1)
FNDA:0,(anonymous_2)
FNDA:0,(anonymous_3)
DA:5,0
DA:6,0
DA:7,0
DA:9,0
DA:10,0
DA:13,0
DA:14,0
DA:15,0
DA:18,0
DA:23,0
DA:25,0
DA:32,0
DA:33,0
DA:34,0
DA:36,0
DA:37,0
DA:40,0
DA:46,0
DA:47,0
DA:50,0
DA:54,0
DA:55,0
DA:57,0
DA:58,0
DA:61,0
DA:66,0
DA:70,0
DA:71,0
DA:72,0
DA:74,0
DA:75,0
DA:78,0
DA:83,0
DA:84,0
DA:87,0
LF:35
LH:0
BRDA:7,0,0,0
BRDA:7,1,0,0
BRDA:9,2,0,0
BRDA:9,2,1,0
BRDA:14,3,0,0
BRDA:14,3,1,0
BRDA:36,4,0,0
BRDA:36,4,1,0
BRDA:46,5,0,0
BRDA:46,5,1,0
BRDA:57,6,0,0
BRDA:57,6,1,0
BRDA:74,7,0,0
BRDA:74,7,1,0
BRDA:83,8,0,0
BRDA:83,8,1,0
BRF:16
BRH:0
end_of_record
TN:
SF:src/controllers/orderController.js
FN:10,(anonymous_0)
FN:18,(anonymous_1)
FN:20,(anonymous_2)
FN:57,(anonymous_3)
FN:125,(anonymous_4)
FN:134,(anonymous_5)
FN:152,(anonymous_6)
FN:172,(anonymous_7)
FNF:8
FNH:0
FNDA:0,(anonymous_0)
FNDA:0,(anonymous_1)
FNDA:0,(anonymous_2)
FNDA:0,(anonymous_3)
FNDA:0,(anonymous_4)
FNDA:0,(anonymous_5)
FNDA:0,(anonymous_6)
FNDA:0,(anonymous_7)
DA:10,0
DA:11,0
DA:13,0
DA:14,0
DA:18,0
DA:19,0
DA:20,0
DA:23,0
DA:24,0
DA:26,0
DA:27,0
DA:28,0
DA:29,0
DA:32,0
DA:33,0
DA:36,0
DA:37,0
DA:39,0
DA:49,0
DA:52,0
DA:53,0
DA:54,0
DA:55,0
DA:57,0
DA:58,0
DA:59,0
DA:65,0
DA:71,0
DA:72,0
DA:74,0
DA:78,0
DA:81,0
DA:94,0
DA:97,0
DA:98,0
DA:102,0
DA:103,0
DA:109,0
DA:110,0
DA:111,0
DA:113,0
DA:120,0
DA:121,0
DA:125,0
DA:126,0
DA:130,0
DA:134,0
DA:135,0
DA:139,0
DA:140,0
DA:144,0
DA:145,0
DA:148,0
DA:152,0
DA:153,0
DA:155,0
DA:156,0
DA:157,0
DA:160,0
DA:161,0
DA:162,0
DA:163,0
DA:165,0
DA:167,0
DA:168,0
DA:172,0
DA:173,0
DA:175,0
DA:176,0
DA:178,0
DA:180,0
DA:187,0
DA:189,0
LF:73
LH:0
BRDA:13,0,0,0
BRDA:13,0,1,0
BRDA:13,1,0,0
BRDA:13,1,1,0
BRDA:28,2,0,0
BRDA:28,2,1,0
BRDA:28,3,0,0
BRDA:28,3,1,0
BRDA:32,4,0,0
BRDA:32,4,1,0
BRDA:49,5,0,0
BRDA:49,5,1,0
BRDA:54,6,0,0
BRDA:54,6,1,0
BRDA:89,7,0,0
BRDA:89,7,1,0
BRDA:90,8,0,0
BRDA:90,8,1,0
BRDA:97,9,0,0
BRDA:97,9,1,0
BRDA:139,10,0,0
BRDA:139,10,1,0
BRDA:144,11,0,0
BRDA:144,11,1,0
BRDA:144,12,0,0
BRDA:144,12,1,0
BRDA:156,13,0,0
BRDA:156,13,1,0
BRDA:161,14,0,0
BRDA:161,14,1,0
BRDA:162,15,0,0
BRDA:162,15,1,0
BRDA:163,16,0,0
BRDA:163,16,1,0
BRDA:173,17,0,0
BRDA:173,18,0,0
BRDA:176,19,0,0
BRDA:176,19,1,0
BRF:38
BRH:0
end_of_record
TN:
SF:src/controllers/paymentController.js
FN:23,(anonymous_0)
FN:86,(anonymous_1)
FN:127,(anonymous_2)
FN:157,(anonymous_3)
FN:184,(anonymous_4)
FNF:5
FNH:0
FNDA:0,(anonymous_0)
FNDA:0,(anonymous_1)
FNDA:0,(anonymous_2)
FNDA:0,(anonymous_3)
FNDA:0,(anonymous_4)
DA:9,0
DA:10,0
DA:11,0
DA:14,0
DA:16,0
DA:23,0
DA:24,0
DA:25,0
DA:28,0
DA:30,0
DA:31,0
DA:35,0
DA:36,0
DA:37,0
DA:40,0
DA:41,0
DA:45,0
DA:46,0
DA:49,0
DA:51,0
DA:63,0
DA:64,0
DA:66,0
DA:72,0
DA:77,0
DA:78,0
DA:86,0
DA:87,0
DA:88,0
DA:91,0
DA:94,0
DA:95,0
DA:101,0
DA:102,0
DA:106,0
DA:108,0
DA:109,0
DA:110,0
DA:113,0
DA:114,0
DA:115,0
DA:118,0
DA:121,0
DA:127,0
DA:128,0
DA:129,0
DA:130,0
DA:132,0
DA:133,0
DA:134,0
DA:138,0
DA:139,0
DA:140,0
DA:142,0
DA:150,0
DA:157,0
DA:158,0
DA:159,0
DA:160,0
DA:162,0
DA:163,0
DA:164,0
DA:167,0
DA:168,0
DA:170,0
DA:176,0
DA:184,0
DA:185,0
DA:186,0
DA:189,0
DA:190,0
DA:192,0
DA:193,0
DA:197,0
DA:198,0
DA:201,0
DA:202,0
DA:205,0
DA:206,0
DA:209,0
DA:211,0
DA:217,0
DA:218,0
DA:219,0
DA:221,0
DA:226,0
DA:232,0
DA:233,0
LF:88
LH:0
BRDA:10,0,0,0
BRDA:10,0,1,0
BRDA:24,1,0,0
BRDA:24,1,1,0
BRDA:28,2,0,0
BRDA:30,3,0,0
BRDA:30,3,1,0
BRDA:30,4,0,0
BRDA:30,4,1,0
BRDA:36,5,0,0
BRDA:36,5,1,0
BRDA:40,6,0,0
BRDA:40,6,1,0
BRDA:45,7,0,0
BRDA:45,7,1,0
BRDA:87,8,0,0
BRDA:87,8,1,0
BRDA:87,9,0,0
BRDA:87,9,1,0
BRDA:106,10,0,0
BRDA:106,10,1,0
BRDA:106,10,2,0
BRDA:132,11,0,0
BRDA:132,11,1,0
BRDA:162,12,0,0
BRDA:162,12,1,0
BRDA:185,13,0,0
BRDA:185,13,1,0
BRDA:192,14,0,0
BRDA:192,14,1,0
BRDA:197,15,0,0
BRDA:197,15,1,0
BRDA:197,16,0,0
BRDA:197,16,1,0
BRDA:201,17,0,0
BRDA:201,17,1,0
BRDA:205,18,0,0
BRDA:205,18,1,0
BRF:38
BRH:0
end_of_record
TN:
SF:src/controllers/productController.js
FN:7,(anonymous_0)
FN:76,(anonymous_1)
FN:92,(anonymous_2)
FN:107,(anonymous_3)
FN:114,(anonymous_4)
FN:121,(anonymous_5)
FN:128,(anonymous_6)
FN:192,(anonymous_7)
FN:198,(anonymous_8)
FN:205,(anonymous_9)
FN:212,(anonymous_10)
FN:219,(anonymous_11)
FN:262,(anonymous_12)
FN:278,(anonymous_13)
FN:284,(anonymous_14)
FN:310,(anonymous_15)
FNF:16
FNH:0
FNDA:0,(anonymous_0)
FNDA:0,(anonymous_1)
FNDA:0,(anonymous_2)
FNDA:0,(anonymous_3)
FNDA:0,(anonymous_4)
FNDA:0,(anonymous_5)
FNDA:0,(anonymous_6)
FNDA:0,(anonymous_7)
FNDA:0,(anonymous_8)
FNDA:0,(anonymous_9)
FNDA:0,(anonymous_10)
FNDA:0,(anonymous_11)
FNDA:0,(anonymous_12)
FNDA:0,(anonymous_13)
FNDA:0,(anonymous_14)
FNDA:0,(anonymous_15)
DA:7,0
DA:20,0
DA:24,0
DA:25,0
DA:26,0
DA:30,0
DA:31,0
DA:32,0
DA:33,0
DA:34,0
DA:35,0
DA:36,0
DA:38,0
DA:39,0
DA:41,0
DA:42,0
DA:46,0
DA:47,0
DA:48,0
DA:49,0
DA:50,0
DA:51,0
DA:52,0
DA:54,0
DA:56,0
DA:62,0
DA:64,0
DA:76,0
DA:77,0
DA:80,0
DA:81,0
DA:85,0
DA:86,0
DA:88,0
DA:92,0
DA:93,0
DA:96,0
DA:97,0
DA:98,0
DA:99,0
DA:100,0
DA:105,0
DA:106,0
DA:107,0
DA:112,0
DA:113,0
DA:114,0
DA:119,0
DA:120,0
DA:121,0
DA:126,0
DA:127,0
DA:128,0
DA:133,0
DA:134,0
DA:136,0
DA:137,0
DA:139,0
DA:140,0
DA:144,0
DA:145,0
DA:147,0
DA:149,0
DA:150,0
DA:156,0
DA:159,0
DA:162,0
DA:163,0
DA:164,0
DA:170,0
DA:171,0
DA:174,0
DA:175,0
DA:179,0
DA:180,0
DA:182,0
DA:188,0
DA:192,0
DA:193,0
DA:196,0
DA:197,0
DA:198,0
DA:203,0
DA:204,0
DA:205,0
DA:210,0
DA:211,0
DA:212,0
DA:217,0
DA:218,0
DA:219,0
DA:224,0
DA:225,0
DA:227,0
DA:228,0
DA:230,0
DA:231,0
DA:235,0
DA:236,0
DA:237,0
DA:238,0
DA:243,0
DA:244,0
DA:247,0
DA:253,0
DA:254,0
DA:257,0
DA:258,0
DA:262,0
DA:263,0
DA:269,0
DA:270,0
DA:273,0
DA:274,0
DA:278,0
DA:279,0
DA:280,0
DA:284,0
DA:285,0
DA:287,0
DA:288,0
DA:291,0
DA:294,0
DA:306,0
DA:310,0
DA:311,0
DA:314,0
DA:315,0
DA:316,0
DA:318,0
DA:319,0
DA:321,0
DA:322,0
DA:324,0
DA:325,0
DA:327,0
DA:330,0
DA:341,0
LF:138
LH:0
BRDA:15,0,0,0
BRDA:16,1,0,0
BRDA:17,2,0,0
BRDA:25,3,0,0
BRDA:25,3,1,0
BRDA:25,4,0,0
BRDA:25,4,1,0
BRDA:30,5,0,0
BRDA:30,5,1,0
BRDA:31,6,0,0
BRDA:31,6,1,0
BRDA:32,7,0,0
BRDA:32,7,1,0
BRDA:33,8,0,0
BRDA:33,8,1,0
BRDA:33,9,0,0
BRDA:33,9,1,0
BRDA:35,10,0,0
BRDA:35,10,1,0
BRDA:36,11,0,0
BRDA:36,11,1,0
BRDA:38,12,0,0
BRDA:38,12,1,0
BRDA:41,13,0,0
BRDA:41,13,1,0
BRDA:47,14,0,0
BRDA:47,14,1,0
BRDA:48,15,0,0
BRDA:48,15,1,0
BRDA:49,16,0,0
BRDA:49,16,1,0
BRDA:50,17,0,0
BRDA:50,17,1,0
BRDA:51,18,0,0
BRDA:51,18,1,0
BRDA:52,19,0,0
BRDA:52,19,1,0
BRDA:80,20,0,0
BRDA:80,20,1,0
BRDA:96,21,0,0
BRDA:96,21,1,0
BRDA:96,22,0,0
BRDA:96,22,1,0
BRDA:97,23,0,0
BRDA:97,23,1,0
BRDA:97,24,0,0
BRDA:97,24,1,0
BRDA:99,25,0,0
BRDA:99,25,1,0
BRDA:99,26,0,0
BRDA:99,26,1,0
BRDA:100,27,0,0
BRDA:100,27,1,0
BRDA:105,28,0,0
BRDA:105,28,1,0
BRDA:107,29,0,0
BRDA:107,29,1,0
BRDA:107,29,2,0
BRDA:112,30,0,0
BRDA:112,30,1,0
BRDA:114,31,0,0
BRDA:114,31,1,0
BRDA:114,31,2,0
BRDA:114,31,3,0
BRDA:114,31,4,0
BRDA:119,32,0,0
BRDA:119,32,1,0
BRDA:121,33,0,0
BRDA:121,33,1,0
BRDA:121,33,2,0
BRDA:121,33,3,0
BRDA:121,33,4,0
BRDA:126,34,0,0
BRDA:126,34,1,0
BRDA:128,35,0,0
BRDA:128,35,1,0
BRDA:128,35,2,0
BRDA:128,35,3,0
BRDA:128,35,4,0
BRDA:133,36,0,0
BRDA:133,36,1,0
BRDA:136,37,0,0
BRDA:136,37,1,0
BRDA:139,38,0,0
BRDA:139,38,1,0
BRDA:144,39,0,0
BRDA:144,39,1,0
BRDA:145,40,0,0
BRDA:145,40,1,0
BRDA:147,41,0,0
BRDA:147,41,1,0
BRDA:162,42,0,0
BRDA:162,42,1,0
BRDA:170,43,0,0
BRDA:170,43,1,0
BRDA:174,44,0,0
BRDA:174,44,1,0
BRDA:196,45,0,0
BRDA:196,45,1,0
BRDA:198,46,0,0
BRDA:198,46,1,0
BRDA:198,46,2,0
BRDA:203,47,0,0
BRDA:203,47,1,0
BRDA:205,48,0,0
BRDA:205,48,1,0
BRDA:205,48,2,0
BRDA:205,48,3,0
BRDA:205,48,4,0
BRDA:210,49,0,0
BRDA:210,49,1,0
BRDA:212,50,0,0
BRDA:212,50,1,0
BRDA:212,50,2,0
BRDA:212,50,3,0
BRDA:212,50,4,0
BRDA:217,51,0,0
BRDA:217,51,1,0
BRDA:219,52,0,0
BRDA:219,52,1,0
BRDA:219,52,2,0
BRDA:219,52,3,0
BRDA:219,52,4,0
BRDA:224,53,0,0
BRDA:224,53,1,0
BRDA:227,54,0,0
BRDA:227,54,1,0
BRDA:230,55,0,0
BRDA:230,55,1,0
BRDA:235,56,0,0
BRDA:235,56,1,0
BRDA:235,57,0,0
BRDA:235,57,1,0
BRDA:236,58,0,0
BRDA:236,58,1,0
BRDA:253,59,0,0
BRDA:253,59,1,0
BRDA:269,60,0,0
BRDA:269,60,1,0
BRDA:287,61,0,0
BRDA:287,61,1,0
BRDA:291,62,0,0
BRDA:311,63,0,0
BRDA:311,64,0,0
BRDA:316,65,0,0
BRDA:316,65,1,0
BRDA:316,65,2,0
BRDA:316,65,3,0
BRF:148
BRH:0
end_of_record
TN:
SF:src/controllers/progressController.js
FN:6,(anonymous_0)
FN:28,(anonymous_1)
FN:119,checkAndAwardBadges
FN:120,(anonymous_3)
FN:171,(anonymous_4)
FNF:5
FNH:0
FNDA:0,(anonymous_0)
FNDA:0,(anonymous_1)
FNDA:0,checkAndAwardBadges
FNDA:0,(anonymous_3)
FNDA:0,(anonymous_4)
DA:6,0
DA:7,0
DA:9,0
DA:11,0
DA:13,0
DA:16,0
DA:20,0
DA:22,0
DA:24,0
DA:28,0
DA:29,0
DA:30,0
DA:32,0
DA:34,0
DA:35,0
DA:39,0
DA:41,0
DA:42,0
DA:43,0
DA:45,0
DA:47,0
DA:48,0
DA:49,0
DA:51,0
DA:53,0
DA:54,0
DA:55,0
DA:57,0
DA:59,0
DA:60,0
DA:61,0
DA:63,0
DA:65,0
DA:66,0
DA:67,0
DA:69,0
DA:71,0
DA:72,0
DA:73,0
DA:75,0
DA:77,0
DA:78,0
DA:79,0
DA:81,0
DA:83,0
DA:84,0
DA:89,0
DA:90,0
DA:91,0
DA:93,0
DA:95,0
DA:97,0
DA:98,0
DA:99,0
DA:103,0
DA:106,0
DA:109,0
DA:111,0
DA:113,0
DA:115,0
DA:120,0
DA:121,0
DA:124,0
DA:125,0
DA:129,0
DA:130,0
DA:134,0
DA:135,0
DA:139,0
DA:140,0
DA:144,0
DA:145,0
DA:149,0
DA:150,0
DA:154,0
DA:155,0
DA:159,0
DA:160,0
DA:163,0
DA:164,0
DA:167,0
DA:171,0
DA:172,0
DA:174,0
DA:180,0
DA:182,0
LF:86
LH:0
BRDA:11,0,0,0
BRDA:11,0,1,0
BRDA:29,1,0,0
BRDA:34,2,0,0
BRDA:34,2,1,0
BRDA:39,3,0,0
BRDA:39,3,1,0
BRDA:39,3,2,0
BRDA:39,3,3,0
BRDA:39,3,4,0
BRDA:39,3,5,0
BRDA:39,3,6,0
BRDA:39,3,7,0
BRDA:41,4,0,0
BRDA:41,4,1,0
BRDA:47,5,0,0
BRDA:47,5,1,0
BRDA:53,6,0,0
BRDA:53,6,1,0
BRDA:59,7,0,0
BRDA:59,7,1,0
BRDA:65,8,0,0
BRDA:65,8,1,0
BRDA:67,9,0,0
BRDA:67,9,1,0
BRDA:71,10,0,0
BRDA:71,10,1,0
BRDA:77,11,0,0
BRDA:77,11,1,0
BRDA:83,12,0,0
BRDA:83,12,1,0
BRDA:93,13,0,0
BRDA:93,13,1,0
BRDA:95,14,0,0
BRDA:95,14,1,0
BRDA:98,15,0,0
BRDA:98,15,1,0
BRDA:124,16,0,0
BRDA:124,16,1,0
BRDA:124,17,0,0
BRDA:124,17,1,0
BRDA:129,18,0,0
BRDA:129,18,1,0
BRDA:129,19,0,0
BRDA:129,19,1,0
BRDA:134,20,0,0
BRDA:134,20,1,0
BRDA:134,21,0,0
BRDA:134,21,1,0
BRDA:139,22,0,0
BRDA:139,22,1,0
BRDA:139,23,0,0
BRDA:139,23,1,0
BRDA:144,24,0,0
BRDA:144,24,1,0
BRDA:144,25,0,0
BRDA:144,25,1,0
BRDA:149,26,0,0
BRDA:149,26,1,0
BRDA:149,27,0,0
BRDA:149,27,1,0
BRDA:154,28,0,0
BRDA:154,28,1,0
BRDA:154,29,0,0
BRDA:154,29,1,0
BRDA:159,30,0,0
BRDA:159,30,1,0
BRDA:159,31,0,0
BRDA:159,31,1,0
BRDA:163,32,0,0
BRDA:163,32,1,0
BRDA:172,33,0,0
BRF:72
BRH:0
end_of_record
TN:
SF:src/controllers/proverbController.js
FN:8,(anonymous_0)
FN:92,(anonymous_1)
FN:112,(anonymous_2)
FN:141,(anonymous_3)
FN:166,(anonymous_4)
FN:184,(anonymous_5)
FN:219,(anonymous_6)
FNF:7
FNH:0
FNDA:0,(anonymous_0)
FNDA:0,(anonymous_1)
FNDA:0,(anonymous_2)
FNDA:0,(anonymous_3)
FNDA:0,(anonymous_4)
FNDA:0,(anonymous_5)
FNDA:0,(anonymous_6)
DA:8,0
DA:20,0
DA:22,0
DA:24,0
DA:25,0
DA:26,0
DA:27,0
DA:30,0
DA:43,0
DA:44,0
DA:47,0
DA:48,0
DA:51,0
DA:52,0
DA:55,0
DA:56,0
DA:59,0
DA:60,0
DA:63,0
DA:64,0
DA:67,0
DA:69,0
DA:79,0
DA:92,0
DA:93,0
DA:95,0
DA:97,0
DA:98,0
DA:102,0
DA:103,0
DA:105,0
DA:112,0
DA:113,0
DA:116,0
DA:117,0
DA:118,0
DA:121,0
DA:128,0
DA:130,0
DA:132,0
DA:134,0
DA:141,0
DA:142,0
DA:144,0
DA:146,0
DA:147,0
DA:150,0
DA:154,0
DA:155,0
DA:157,0
DA:159,0
DA:166,0
DA:167,0
DA:169,0
DA:171,0
DA:172,0
DA:175,0
DA:177,0
DA:184,0
DA:185,0
DA:187,0
DA:188,0
DA:189,0
DA:190,0
DA:191,0
DA:193,0
DA:196,0
DA:197,0
DA:200,0
DA:201,0
DA:203,0
DA:208,0
DA:209,0
DA:212,0
DA:219,0
DA:220,0
DA:222,0
DA:224,0
DA:225,0
DA:228,0
DA:229,0
DA:231,0
LF:82
LH:0
BRDA:17,0,0,0
BRDA:18,1,0,0
BRDA:19,2,0,0
BRDA:24,3,0,0
BRDA:24,3,1,0
BRDA:26,4,0,0
BRDA:26,4,1,0
BRDA:43,5,0,0
BRDA:43,5,1,0
BRDA:47,6,0,0
BRDA:47,6,1,0
BRDA:51,7,0,0
BRDA:51,7,1,0
BRDA:55,8,0,0
BRDA:55,8,1,0
BRDA:59,9,0,0
BRDA:59,9,1,0
BRDA:63,10,0,0
BRDA:63,10,1,0
BRDA:97,11,0,0
BRDA:97,11,1,0
BRDA:117,12,0,0
BRDA:117,12,1,0
BRDA:146,13,0,0
BRDA:146,13,1,0
BRDA:171,14,0,0
BRDA:171,14,1,0
BRDA:188,15,0,0
BRDA:188,15,1,0
BRDA:190,16,0,0
BRDA:190,16,1,0
BRDA:196,17,0,0
BRDA:196,17,1,0
BRDA:208,18,0,0
BRDA:208,18,1,0
BRDA:224,19,0,0
BRDA:224,19,1,0
BRF:37
BRH:0
end_of_record
TN:
SF:src/controllers/quizController.js
FN:6,(anonymous_0)
FN:57,(anonymous_1)
FN:70,(anonymous_2)
FN:80,(anonymous_3)
FN:97,(anonymous_4)
FN:114,(anonymous_5)
FN:126,(anonymous_6)
FNF:7
FNH:0
FNDA:0,(anonymous_0)
FNDA:0,(anonymous_1)
FNDA:0,(anonymous_2)
FNDA:0,(anonymous_3)
FNDA:0,(anonymous_4)
FNDA:0,(anonymous_5)
FNDA:0,(anonymous_6)
DA:6,0
DA:15,0
DA:17,0
DA:19,0
DA:20,0
DA:23,0
DA:24,0
DA:25,0
DA:28,0
DA:29,0
DA:32,0
DA:33,0
DA:35,0
DA:41,0
DA:43,0
DA:45,0
DA:57,0
DA:58,0
DA:60,0
DA:61,0
DA:64,0
DA:66,0
DA:70,0
DA:71,0
DA:72,0
DA:74,0
DA:76,0
DA:80,0
DA:81,0
DA:87,0
DA:88,0
DA:91,0
DA:93,0
DA:97,0
DA:98,0
DA:104,0
DA:105,0
DA:108,0
DA:110,0
DA:114,0
DA:115,0
DA:116,0
DA:118,0
DA:119,0
DA:122,0
DA:123,0
DA:124,0
DA:126,0
DA:127,0
DA:128,0
DA:129,0
DA:131,0
DA:132,0
DA:135,0
DA:145,0
DA:146,0
DA:149,0
DA:150,0
DA:151,0
DA:153,0
DA:155,0
DA:157,0
DA:159,0
LF:63
LH:0
BRDA:12,0,0,0
BRDA:13,1,0,0
BRDA:14,2,0,0
BRDA:19,3,0,0
BRDA:19,3,1,0
BRDA:23,4,0,0
BRDA:23,4,1,0
BRDA:23,5,0,0
BRDA:23,5,1,0
BRDA:28,6,0,0
BRDA:28,6,1,0
BRDA:33,7,0,0
BRDA:33,7,1,0
BRDA:60,8,0,0
BRDA:60,8,1,0
BRDA:60,9,0,0
BRDA:60,9,1,0
BRDA:87,10,0,0
BRDA:87,10,1,0
BRDA:104,11,0,0
BRDA:104,11,1,0
BRDA:118,12,0,0
BRDA:118,12,1,0
BRDA:118,13,0,0
BRDA:118,13,1,0
BRDA:131,14,0,0
BRDA:131,14,1,0
BRDA:141,15,0,0
BRDA:141,15,1,0
BRDA:150,16,0,0
BRDA:150,16,1,0
BRF:31
BRH:0
end_of_record
TN:
SF:src/controllers/recommendationController.js
FN:12,(anonymous_0)
FN:38,(anonymous_1)
FN:43,(anonymous_2)
FNF:3
FNH:0
FNDA:0,(anonymous_0)
FNDA:0,(anonymous_1)
FNDA:0,(anonymous_2)
DA:12,0
DA:13,0
DA:14,0
DA:16,0
DA:17,0
DA:28,0
DA:34,0
DA:35,0
DA:36,0
DA:38,0
DA:39,0
DA:42,0
DA:43,0
DA:44,0
DA:45,0
DA:49,0
DA:59,0
DA:60,0
DA:61,0
DA:62,0
DA:64,0
DA:65,0
DA:68,0
DA:76,0
DA:77,0
DA:78,0
DA:79,0
DA:82,0
DA:90,0
DA:91,0
DA:92,0
DA:94,0
DA:97,0
DA:106,0
DA:107,0
DA:115,0
LF:36
LH:0
BRDA:14,0,0,0
BRDA:16,1,0,0
BRDA:16,1,1,0
BRDA:42,2,0,0
BRDA:42,2,1,0
BRDA:44,3,0,0
BRDA:44,3,1,0
BRDA:45,4,0,0
BRDA:45,4,1,0
BRDA:59,5,0,0
BRDA:59,5,1,0
BRDA:59,6,0,0
BRDA:59,6,1,0
BRDA:61,7,0,0
BRDA:61,7,1,0
BRDA:64,8,0,0
BRDA:64,8,1,0
BRDA:76,9,0,0
BRDA:76,9,1,0
BRDA:76,10,0,0
BRDA:76,10,1,0
BRDA:78,11,0,0
BRDA:78,11,1,0
BRDA:90,12,0,0
BRDA:90,12,1,0
BRDA:90,13,0,0
BRDA:90,13,1,0
BRDA:92,14,0,0
BRDA:92,14,1,0
BRDA:106,15,0,0
BRDA:106,15,1,0
BRDA:106,16,0,0
BRDA:106,16,1,0
BRF:33
BRH:0
end_of_record
TN:
SF:src/controllers/reviewController.js
FN:5,(anonymous_0)
FN:42,(anonymous_1)
FN:77,(anonymous_2)
FN:88,(anonymous_3)
FN:103,(anonymous_4)
FN:108,(anonymous_5)
FNF:6
FNH:0
FNDA:0,(anonymous_0)
FNDA:0,(anonymous_1)
FNDA:0,(anonymous_2)
FNDA:0,(anonymous_3)
FNDA:0,(anonymous_4)
FNDA:0,(anonymous_5)
DA:5,0
DA:6,0
DA:7,0
DA:10,0
DA:15,0
DA:16,0
DA:19,0
DA:30,0
DA:33,0
DA:35,0
DA:37,0
DA:42,0
DA:43,0
DA:44,0
DA:45,0
DA:47,0
DA:57,0
DA:62,0
DA:72,0
DA:77,0
DA:78,0
DA:79,0
DA:80,0
DA:81,0
DA:84,0
DA:85,0
DA:87,0
DA:88,0
DA:89,0
DA:91,0
DA:92,0
DA:95,0
DA:96,0
DA:98,0
DA:103,0
DA:104,0
DA:106,0
DA:108,0
DA:110,0
LF:39
LH:0
BRDA:15,0,0,0
BRDA:15,0,1,0
BRDA:22,1,0,0
BRDA:22,1,1,0
BRDA:26,2,0,0
BRDA:26,2,1,0
BRDA:44,3,0,0
BRDA:44,4,0,0
BRDA:44,5,0,0
BRDA:80,6,0,0
BRDA:80,6,1,0
BRDA:87,7,0,0
BRDA:87,7,1,0
BRDA:106,8,0,0
BRDA:106,8,1,0
BRF:15
BRH:0
end_of_record
TN:
SF:src/controllers/searchController.js
FN:11,(anonymous_0)
FN:135,(anonymous_1)
FN:179,(anonymous_2)
FN:182,(anonymous_3)
FN:185,(anonymous_4)
FN:188,(anonymous_5)
FN:196,(anonymous_6)
FNF:7
FNH:0
FNDA:0,(anonymous_0)
FNDA:0,(anonymous_1)
FNDA:0,(anonymous_2)
FNDA:0,(anonymous_3)
FNDA:0,(anonymous_4)
FNDA:0,(anonymous_5)
FNDA:0,(anonymous_6)
DA:11,0
DA:12,0
DA:14,0
DA:15,0
DA:25,0
DA:26,0
DA:28,0
DA:38,0
DA:39,0
DA:54,0
DA:55,0
DA:70,0
DA:71,0
DA:86,0
DA:87,0
DA:102,0
DA:103,0
DA:117,0
DA:118,0
DA:131,0
DA:135,0
DA:136,0
DA:138,0
DA:139,0
DA:142,0
DA:143,0
DA:145,0
DA:177,0
DA:179,0
DA:180,0
DA:182,0
DA:183,0
DA:185,0
DA:186,0
DA:188,0
DA:189,0
DA:190,0
DA:191,0
DA:196,0
DA:198,0
LF:40
LH:0
BRDA:12,0,0,0
BRDA:14,1,0,0
BRDA:14,1,1,0
BRDA:14,2,0,0
BRDA:14,2,1,0
BRDA:38,3,0,0
BRDA:38,3,1,0
BRDA:38,4,0,0
BRDA:38,4,1,0
BRDA:54,5,0,0
BRDA:54,5,1,0
BRDA:54,6,0,0
BRDA:54,6,1,0
BRDA:70,7,0,0
BRDA:70,7,1,0
BRDA:70,8,0,0
BRDA:70,8,1,0
BRDA:86,9,0,0
BRDA:86,9,1,0
BRDA:86,10,0,0
BRDA:86,10,1,0
BRDA:102,11,0,0
BRDA:102,11,1,0
BRDA:102,12,0,0
BRDA:102,12,1,0
BRDA:117,13,0,0
BRDA:117,13,1,0
BRDA:117,14,0,0
BRDA:117,14,1,0
BRDA:136,15,0,0
BRDA:138,16,0,0
BRDA:138,16,1,0
BRDA:138,17,0,0
BRDA:138,17,1,0
BRDA:190,18,0,0
BRDA:190,18,1,0
BRDA:190,19,0,0
BRDA:190,19,1,0
BRF:38
BRH:0
end_of_record
TN:
SF:src/controllers/settingsController.js
FN:6,(anonymous_0)
FN:12,(anonymous_1)
FNF:2
FNH:0
FNDA:0,(anonymous_0)
FNDA:0,(anonymous_1)
DA:6,0
DA:7,0
DA:8,0
DA:12,0
DA:20,0
DA:22,0
DA:24,0
DA:25,0
DA:28,0
DA:29,0
DA:30,0
DA:31,0
DA:32,0
DA:33,0
DA:34,0
DA:35,0
DA:37,0
DA:38,0
DA:39,0
DA:41,0
DA:42,0
DA:43,0
DA:44,0
DA:45,0
DA:48,0
DA:50,0
DA:52,0
LF:27
LH:0
BRDA:24,0,0,0
BRDA:24,0,1,0
BRDA:28,1,0,0
BRDA:28,1,1,0
BRDA:29,2,0,0
BRDA:29,2,1,0
BRDA:30,3,0,0
BRDA:30,3,1,0
BRDA:31,4,0,0
BRDA:31,4,1,0
BRDA:32,5,0,0
BRDA:32,5,1,0
BRDA:33,6,0,0
BRDA:33,6,1,0
BRDA:34,7,0,0
BRDA:34,7,1,0
BRDA:35,8,0,0
BRDA:35,8,1,0
BRDA:37,9,0,0
BRDA:37,9,1,0
BRDA:38,10,0,0
BRDA:38,10,1,0
BRDA:39,11,0,0
BRDA:39,11,1,0
BRDA:41,12,0,0
BRDA:41,12,1,0
BRDA:42,13,0,0
BRDA:42,13,1,0
BRDA:43,14,0,0
BRDA:43,14,1,0
BRDA:44,15,0,0
BRDA:44,15,1,0
BRDA:45,16,0,0
BRDA:45,16,1,0
BRF:34
BRH:0
end_of_record
TN:
SF:src/controllers/sourceController.js
FN:6,(anonymous_0)
FN:66,(anonymous_1)
FN:81,(anonymous_2)
FN:91,(anonymous_3)
FN:108,(anonymous_4)
FN:125,(anonymous_5)
FNF:6
FNH:0
FNDA:0,(anonymous_0)
FNDA:0,(anonymous_1)
FNDA:0,(anonymous_2)
FNDA:0,(anonymous_3)
FNDA:0,(anonymous_4)
FNDA:0,(anonymous_5)
DA:6,0
DA:16,0
DA:18,0
DA:20,0
DA:21,0
DA:24,0
DA:25,0
DA:28,0
DA:29,0
DA:32,0
DA:33,0
DA:36,0
DA:37,0
DA:40,0
DA:41,0
DA:43,0
DA:50,0
DA:52,0
DA:54,0
DA:66,0
DA:67,0
DA:71,0
DA:72,0
DA:75,0
DA:77,0
DA:81,0
DA:82,0
DA:83,0
DA:85,0
DA:87,0
DA:91,0
DA:92,0
DA:98,0
DA:99,0
DA:102,0
DA:104,0
DA:108,0
DA:109,0
DA:115,0
DA:116,0
DA:119,0
DA:121,0
DA:125,0
DA:126,0
DA:132,0
DA:133,0
DA:136,0
LF:47
LH:0
BRDA:13,0,0,0
BRDA:14,1,0,0
BRDA:15,2,0,0
BRDA:20,3,0,0
BRDA:20,3,1,0
BRDA:24,4,0,0
BRDA:24,4,1,0
BRDA:28,5,0,0
BRDA:28,5,1,0
BRDA:32,6,0,0
BRDA:32,6,1,0
BRDA:36,7,0,0
BRDA:36,7,1,0
BRDA:41,8,0,0
BRDA:41,8,1,0
BRDA:71,9,0,0
BRDA:71,9,1,0
BRDA:71,10,0,0
BRDA:71,10,1,0
BRDA:98,11,0,0
BRDA:98,11,1,0
BRDA:115,12,0,0
BRDA:115,12,1,0
BRDA:132,13,0,0
BRDA:132,13,1,0
BRF:25
BRH:0
end_of_record
TN:
SF:src/controllers/storyController.js
FN:7,(anonymous_0)
FN:83,(anonymous_1)
FN:103,(anonymous_2)
FN:113,(anonymous_3)
FN:130,(anonymous_4)
FN:147,(anonymous_5)
FNF:6
FNH:0
FNDA:0,(anonymous_0)
FNDA:0,(anonymous_1)
FNDA:0,(anonymous_2)
FNDA:0,(anonymous_3)
FNDA:0,(anonymous_4)
FNDA:0,(anonymous_5)
DA:7,0
DA:17,0
DA:19,0
DA:21,0
DA:22,0
DA:25,0
DA:26,0
DA:29,0
DA:30,0
DA:31,0
DA:32,0
DA:35,0
DA:47,0
DA:48,0
DA:51,0
DA:52,0
DA:55,0
DA:56,0
DA:58,0
DA:67,0
DA:69,0
DA:71,0
DA:83,0
DA:84,0
DA:89,0
DA:90,0
DA:94,0
DA:95,0
DA:97,0
DA:99,0
DA:103,0
DA:104,0
DA:105,0
DA:107,0
DA:109,0
DA:113,0
DA:114,0
DA:120,0
DA:121,0
DA:124,0
DA:126,0
DA:130,0
DA:131,0
DA:137,0
DA:138,0
DA:141,0
DA:143,0
DA:147,0
DA:148,0
DA:154,0
DA:155,0
DA:158,0
DA:160,0
LF:53
LH:0
BRDA:14,0,0,0
BRDA:15,1,0,0
BRDA:16,2,0,0
BRDA:21,3,0,0
BRDA:21,3,1,0
BRDA:25,4,0,0
BRDA:25,4,1,0
BRDA:29,5,0,0
BRDA:29,5,1,0
BRDA:31,6,0,0
BRDA:31,6,1,0
BRDA:47,7,0,0
BRDA:47,7,1,0
BRDA:51,8,0,0
BRDA:51,8,1,0
BRDA:56,9,0,0
BRDA:56,9,1,0
BRDA:89,10,0,0
BRDA:89,10,1,0
BRDA:89,11,0,0
BRDA:89,11,1,0
BRDA:120,12,0,0
BRDA:120,12,1,0
BRDA:137,13,0,0
BRDA:137,13,1,0
BRDA:154,14,0,0
BRDA:154,14,1,0
BRF:27
BRH:0
end_of_record
TN:
SF:src/controllers/timelineController.js
FN:7,(anonymous_0)
FN:92,(anonymous_1)
FN:116,(anonymous_2)
FN:126,(anonymous_3)
FN:143,(anonymous_4)
FN:160,(anonymous_5)
FN:166,(anonymous_6)
FNF:7
FNH:0
FNDA:0,(anonymous_0)
FNDA:0,(anonymous_1)
FNDA:0,(anonymous_2)
FNDA:0,(anonymous_3)
FNDA:0,(anonymous_4)
FNDA:0,(anonymous_5)
FNDA:0,(anonymous_6)
DA:7,0
DA:19,0
DA:21,0
DA:23,0
DA:24,0
DA:27,0
DA:28,0
DA:31,0
DA:32,0
DA:33,0
DA:34,0
DA:37,0
DA:49,0
DA:50,0
DA:51,0
DA:52,0
DA:55,0
DA:56,0
DA:59,0
DA:60,0
DA:63,0
DA:64,0
DA:66,0
DA:76,0
DA:78,0
DA:80,0
DA:92,0
DA:93,0
DA:102,0
DA:103,0
DA:107,0
DA:108,0
DA:110,0
DA:112,0
DA:116,0
DA:117,0
DA:118,0
DA:120,0
DA:122,0
DA:126,0
DA:127,0
DA:133,0
DA:134,0
DA:137,0
DA:139,0
DA:143,0
DA:144,0
DA:150,0
DA:151,0
DA:154,0
DA:156,0
DA:160,0
DA:161,0
DA:162,0
DA:166,0
DA:167,0
DA:168,0
LF:57
LH:0
BRDA:16,0,0,0
BRDA:17,1,0,0
BRDA:18,2,0,0
BRDA:23,3,0,0
BRDA:23,3,1,0
BRDA:27,4,0,0
BRDA:27,4,1,0
BRDA:28,5,0,0
BRDA:28,5,1,0
BRDA:31,6,0,0
BRDA:31,6,1,0
BRDA:33,7,0,0
BRDA:33,7,1,0
BRDA:49,8,0,0
BRDA:49,8,1,0
BRDA:49,9,0,0
BRDA:49,9,1,0
BRDA:51,10,0,0
BRDA:51,10,1,0
BRDA:52,11,0,0
BRDA:52,11,1,0
BRDA:55,12,0,0
BRDA:55,12,1,0
BRDA:59,13,0,0
BRDA:59,13,1,0
BRDA:64,14,0,0
BRDA:64,14,1,0
BRDA:102,15,0,0
BRDA:102,15,1,0
BRDA:102,16,0,0
BRDA:102,16,1,0
BRDA:133,17,0,0
BRDA:133,17,1,0
BRDA:150,18,0,0
BRDA:150,18,1,0
BRF:35
BRH:0
end_of_record
TN:
SF:src/controllers/twoFactorController.js
FN:11,(anonymous_0)
FN:53,(anonymous_1)
FN:82,(anonymous_2)
FN:94,(anonymous_3)
FN:99,(anonymous_4)
FN:125,(anonymous_5)
FN:152,(anonymous_6)
FN:176,(anonymous_7)
FN:204,(anonymous_8)
FN:220,(anonymous_9)
FNF:10
FNH:0
FNDA:0,(anonymous_0)
FNDA:0,(anonymous_1)
FNDA:0,(anonymous_2)
FNDA:0,(anonymous_3)
FNDA:0,(anonymous_4)
FNDA:0,(anonymous_5)
FNDA:0,(anonymous_6)
FNDA:0,(anonymous_7)
FNDA:0,(anonymous_8)
FNDA:0,(anonymous_9)
DA:11,1
DA:12,0
DA:15,0
DA:17,0
DA:18,0
DA:22,0
DA:24,0
DA:25,0
DA:32,0
DA:33,0
DA:36,0
DA:39,0
DA:40,0
DA:42,0
DA:43,0
DA:45,0
DA:53,1
DA:54,0
DA:55,0
DA:57,0
DA:58,0
DA:61,0
DA:63,0
DA:64,0
DA:67,0
DA:68,0
DA:72,0
DA:74,0
DA:75,0
DA:76,0
DA:77,0
DA:81,0
DA:82,0
DA:83,0
DA:84,0
DA:85,0
DA:87,0
DA:89,0
DA:90,0
DA:92,0
DA:94,0
DA:99,1
DA:100,0
DA:101,0
DA:103,0
DA:104,0
DA:108,0
DA:109,0
DA:110,0
DA:113,0
DA:114,0
DA:115,0
DA:119,0
DA:120,0
DA:121,0
DA:122,0
DA:123,0
DA:125,0
DA:126,0
DA:127,0
DA:129,0
DA:130,0
DA:131,0
DA:137,0
DA:138,0
DA:139,0
DA:140,0
DA:143,0
DA:144,0
DA:146,0
DA:152,1
DA:153,0
DA:155,0
DA:156,0
DA:159,0
DA:160,0
DA:161,0
DA:164,0
DA:165,0
DA:166,0
DA:169,0
DA:171,0
DA:173,0
DA:174,0
DA:176,0
DA:177,0
DA:178,0
DA:179,0
DA:180,0
DA:181,0
DA:185,0
DA:186,0
DA:187,0
DA:188,0
DA:191,0
DA:192,0
DA:194,0
DA:195,0
DA:197,0
DA:204,1
DA:205,0
DA:207,0
DA:209,0
DA:210,0
DA:216,0
DA:220,0
LF:106
LH:5
BRDA:17,0,0,0
BRDA:17,0,1,0
BRDA:17,1,0,0
BRDA:17,1,1,0
BRDA:24,2,0,0
BRDA:24,2,1,0
BRDA:57,3,0,0
BRDA:57,3,1,0
BRDA:63,4,0,0
BRDA:63,4,1,0
BRDA:67,5,0,0
BRDA:67,5,1,0
BRDA:67,6,0,0
BRDA:67,6,1,0
BRDA:74,7,0,0
BRDA:74,7,1,0
BRDA:103,8,0,0
BRDA:103,8,1,0
BRDA:109,9,0,0
BRDA:109,9,1,0
BRDA:114,10,0,0
BRDA:114,10,1,0
BRDA:120,11,0,0
BRDA:120,11,1,0
BRDA:120,12,0,0
BRDA:120,12,1,0
BRDA:121,13,0,0
BRDA:121,13,1,0
BRDA:123,14,0,0
BRDA:123,14,1,0
BRDA:125,15,0,0
BRDA:125,15,1,0
BRDA:126,16,0,0
BRDA:126,16,1,0
BRDA:137,17,0,0
BRDA:137,17,1,0
BRDA:155,18,0,0
BRDA:155,18,1,0
BRDA:155,19,0,0
BRDA:155,19,1,0
BRDA:155,19,2,0
BRDA:160,20,0,0
BRDA:160,20,1,0
BRDA:165,21,0,0
BRDA:165,21,1,0
BRDA:165,22,0,0
BRDA:165,22,1,0
BRDA:171,23,0,0
BRDA:171,23,1,0
BRDA:174,24,0,0
BRDA:174,24,1,0
BRDA:176,25,0,0
BRDA:176,25,1,0
BRDA:177,26,0,0
BRDA:177,26,1,0
BRDA:185,27,0,0
BRDA:185,27,1,0
BRDA:209,28,0,0
BRDA:209,28,1,0
BRF:59
BRH:0
end_of_record
TN:
SF:src/controllers/userController.js
FN:8,(anonymous_0)
FN:41,(anonymous_1)
FN:50,(anonymous_2)
FN:63,(anonymous_3)
FN:97,(anonymous_4)
FN:134,(anonymous_5)
FN:150,(anonymous_6)
FNF:7
FNH:0
FNDA:0,(anonymous_0)
FNDA:0,(anonymous_1)
FNDA:0,(anonymous_2)
FNDA:0,(anonymous_3)
FNDA:0,(anonymous_4)
FNDA:0,(anonymous_5)
FNDA:0,(anonymous_6)
DA:8,0
DA:9,0
DA:10,0
DA:12,0
DA:13,0
DA:14,0
DA:15,0
DA:21,0
DA:27,0
DA:29,0
DA:41,0
DA:42,0
DA:43,0
DA:44,0
DA:46,0
DA:50,0
DA:51,0
DA:54,0
DA:55,0
DA:58,0
DA:59,0
DA:60,0
DA:63,0
DA:68,0
DA:69,0
DA:70,0
DA:74,0
DA:81,0
DA:83,0
DA:85,0
DA:97,0
DA:98,0
DA:99,0
DA:102,0
DA:103,0
DA:107,0
DA:108,0
DA:111,0
DA:112,0
DA:113,0
DA:114,0
DA:115,0
DA:116,0
DA:117,0
DA:118,0
DA:120,0
DA:125,0
DA:126,0
DA:129,0
DA:130,0
DA:134,0
DA:135,0
DA:141,0
DA:142,0
DA:145,0
DA:146,0
DA:150,0
DA:151,0
DA:156,0
LF:59
LH:0
BRDA:9,0,0,0
BRDA:9,1,0,0
BRDA:13,2,0,0
BRDA:13,2,1,0
BRDA:14,3,0,0
BRDA:14,3,1,0
BRDA:43,4,0,0
BRDA:43,4,1,0
BRDA:51,5,0,0
BRDA:54,6,0,0
BRDA:54,6,1,0
BRDA:54,7,0,0
BRDA:54,7,1,0
BRDA:54,7,2,0
BRDA:59,8,0,0
BRDA:59,8,1,0
BRDA:69,9,0,0
BRDA:69,9,1,0
BRDA:78,10,0,0
BRDA:78,10,1,0
BRDA:102,11,0,0
BRDA:102,11,1,0
BRDA:102,12,0,0
BRDA:102,12,1,0
BRDA:107,13,0,0
BRDA:107,13,1,0
BRDA:107,14,0,0
BRDA:107,14,1,0
BRDA:112,15,0,0
BRDA:112,15,1,0
BRDA:113,16,0,0
BRDA:113,16,1,0
BRDA:113,17,0,0
BRDA:113,17,1,0
BRDA:114,18,0,0
BRDA:114,18,1,0
BRDA:114,19,0,0
BRDA:114,19,1,0
BRDA:115,20,0,0
BRDA:115,20,1,0
BRDA:116,21,0,0
BRDA:116,21,1,0
BRDA:117,22,0,0
BRDA:117,22,1,0
BRDA:118,23,0,0
BRDA:118,23,1,0
BRDA:125,24,0,0
BRDA:125,24,1,0
BRDA:141,25,0,0
BRDA:141,25,1,0
BRF:50
BRH:0
end_of_record
TN:
SF:src/middleware/auth.js
FN:7,(anonymous_0)
FN:37,(anonymous_1)
FN:38,(anonymous_2)
FNF:3
FNH:0
FNDA:0,(anonymous_0)
FNDA:0,(anonymous_1)
FNDA:0,(anonymous_2)
DA:7,1
DA:8,0
DA:10,0
DA:11,0
DA:15,0
DA:16,0
DA:18,0
DA:19,0
DA:21,0
DA:22,0
DA:24,0
DA:27,0
DA:29,0
DA:30,0
DA:33,0
DA:34,0
DA:37,1
DA:38,0
DA:39,0
DA:40,0
DA:43,0
DA:44,0
DA:47,0
LF:23
LH:2
BRDA:10,0,0,0
BRDA:10,0,1,0
BRDA:18,1,0,0
BRDA:18,1,1,0
BRDA:21,2,0,0
BRDA:21,2,1,0
BRDA:29,3,0,0
BRDA:29,3,1,0
BRDA:29,4,0,0
BRDA:29,4,1,0
BRDA:39,5,0,0
BRDA:39,5,1,0
BRDA:43,6,0,0
BRDA:43,6,1,0
BRF:14
BRH:0
end_of_record
TN:
SF:src/middleware/csrf.js
FN:24,(anonymous_0)
FN:52,(anonymous_1)
FNF:2
FNH:0
FNDA:0,(anonymous_0)
FNDA:0,(anonymous_1)
DA:24,0
DA:26,0
DA:27,0
DA:30,0
DA:31,0
DA:36,0
DA:40,0
DA:52,0
DA:54,0
DA:55,0
DA:56,0
DA:58,0
DA:59,0
DA:64,0
DA:68,0
LF:15
LH:0
BRDA:26,0,0,0
BRDA:26,0,1,0
BRDA:30,1,0,0
BRDA:30,1,1,0
BRDA:54,2,0,0
BRDA:54,2,1,0
BRDA:58,3,0,0
BRDA:58,3,1,0
BRDA:58,4,0,0
BRDA:58,4,1,0
BRF:10
BRH:0
end_of_record
TN:
SF:src/middleware/fileSecurity.js
FN:10,(anonymous_0)
FN:11,(anonymous_1)
FNF:2
FNH:0
FNDA:0,(anonymous_0)
FNDA:0,(anonymous_1)
DA:10,0
DA:11,0
DA:12,0
DA:13,0
DA:14,0
DA:17,0
DA:18,0
DA:19,0
DA:20,0
DA:21,0
DA:26,0
DA:27,0
DA:28,0
DA:29,0
DA:30,0
DA:35,0
DA:36,0
DA:37,0
DA:38,0
DA:39,0
DA:40,0
DA:41,0
DA:47,0
DA:49,0
LF:24
LH:0
BRDA:10,0,0,0
BRDA:17,1,0,0
BRDA:17,1,1,0
BRDA:19,2,0,0
BRDA:19,2,1,0
BRDA:26,3,0,0
BRDA:26,3,1,0
BRDA:26,4,0,0
BRDA:26,4,1,0
BRDA:28,5,0,0
BRDA:28,5,1,0
BRDA:29,6,0,0
BRDA:29,6,1,0
BRDA:35,7,0,0
BRDA:35,7,1,0
BRDA:35,8,0,0
BRDA:35,8,1,0
BRDA:35,8,2,0
BRDA:37,9,0,0
BRDA:37,9,1,0
BRDA:37,10,0,0
BRDA:37,10,1,0
BRDA:39,11,0,0
BRDA:39,11,1,0
BRDA:40,12,0,0
BRDA:40,12,1,0
BRF:26
BRH:0
end_of_record
TN:
SF:src/middleware/nosqlInjection.js
FN:41,(anonymous_0)
FN:47,(anonymous_1)
FN:62,(anonymous_2)
FN:82,(anonymous_3)
FN:139,(anonymous_4)
FN:149,(anonymous_5)
FNF:6
FNH:0
FNDA:0,(anonymous_0)
FNDA:0,(anonymous_1)
FNDA:0,(anonymous_2)
FNDA:0,(anonymous_3)
FNDA:0,(anonymous_4)
FNDA:0,(anonymous_5)
DA:7,0
DA:33,0
DA:41,0
DA:42,0
DA:43,0
DA:46,0
DA:47,0
DA:50,0
DA:52,0
DA:55,0
DA:56,0
DA:59,0
DA:60,0
DA:62,0
DA:63,0
DA:68,0
DA:72,0
DA:75,0
DA:82,0
DA:83,0
DA:85,0
DA:86,0
DA:90,0
DA:91,0
DA:95,0
DA:96,0
DA:97,0
DA:99,0
DA:101,0
DA:102,0
DA:107,0
DA:111,0
DA:112,0
DA:118,0
DA:121,0
DA:122,0
DA:125,0
DA:130,0
DA:139,0
DA:140,0
DA:141,0
DA:143,0
DA:149,0
DA:150,0
DA:152,0
DA:153,0
DA:154,0
DA:158,0
LF:48
LH:0
BRDA:41,0,0,0
BRDA:42,1,0,0
BRDA:42,1,1,0
BRDA:42,2,0,0
BRDA:42,2,1,0
BRDA:46,3,0,0
BRDA:46,3,1,0
BRDA:50,4,0,0
BRDA:50,4,1,0
BRDA:55,5,0,0
BRDA:55,5,1,0
BRDA:62,6,0,0
BRDA:62,6,1,0
BRDA:72,7,0,0
BRDA:72,7,1,0
BRDA:85,8,0,0
BRDA:85,8,1,0
BRDA:85,9,0,0
BRDA:85,9,1,0
BRDA:90,10,0,0
BRDA:90,10,1,0
BRDA:90,11,0,0
BRDA:90,11,1,0
BRDA:95,12,0,0
BRDA:95,12,1,0
BRDA:95,13,0,0
BRDA:95,13,1,0
BRDA:99,14,0,0
BRDA:99,14,1,0
BRDA:99,15,0,0
BRDA:99,15,1,0
BRDA:101,16,0,0
BRDA:101,16,1,0
BRDA:101,17,0,0
BRDA:101,17,1,0
BRDA:111,18,0,0
BRDA:111,18,1,0
BRDA:121,19,0,0
BRDA:121,19,1,0
BRDA:140,20,0,0
BRDA:140,20,1,0
BRDA:140,21,0,0
BRDA:140,21,1,0
BRDA:153,22,0,0
BRDA:153,22,1,0
BRDA:153,23,0,0
BRDA:153,23,1,0
BRF:47
BRH:0
end_of_record
TN:
SF:src/middleware/optionalAuth.js
FN:8,(anonymous_0)
FNF:1
FNH:0
FNDA:0,(anonymous_0)
DA:8,0
DA:9,0
DA:11,0
DA:13,0
DA:16,0
DA:17,0
DA:18,0
DA:20,0
DA:21,0
DA:28,0
LF:10
LH:0
BRDA:11,0,0,0
BRDA:11,0,1,0
BRDA:20,1,0,0
BRDA:20,1,1,0
BRDA:20,2,0,0
BRDA:20,2,1,0
BRF:6
BRH:0
end_of_record
TN:
SF:src/middleware/rateLimiter.js
FN:17,(anonymous_0)
FN:24,(anonymous_1)
FN:45,(anonymous_2)
FNF:3
FNH:0
FNDA:0,(anonymous_0)
FNDA:0,(anonymous_1)
FNDA:0,(anonymous_2)
DA:6,0
DA:8,0
DA:18,0
DA:26,0
DA:28,0
DA:30,0
DA:35,0
DA:46,0
DA:54,0
LF:9
LH:0
BRDA:6,0,0,0
BRDA:6,0,1,0
BRDA:26,1,0,0
BRDA:26,1,1,0
BRDA:28,2,0,0
BRDA:28,2,1,0
BRF:6
BRH:0
end_of_record
TN:
SF:src/middleware/upload.js
FN:22,(anonymous_0)
FN:27,(anonymous_1)
FN:36,(anonymous_2)
FN:52,(anonymous_3)
FN:69,(anonymous_4)
FN:85,(anonymous_5)
FN:135,(anonymous_6)
FNF:7
FNH:0
FNDA:0,(anonymous_0)
FNDA:0,(anonymous_1)
FNDA:0,(anonymous_2)
FNDA:0,(anonymous_3)
FNDA:0,(anonymous_4)
FNDA:0,(anonymous_5)
FNDA:0,(anonymous_6)
DA:9,0
DA:10,0
DA:14,0
DA:15,0
DA:16,0
DA:17,0
DA:21,0
DA:23,0
DA:24,0
DA:25,0
DA:28,0
DA:29,0
DA:30,0
DA:31,0
DA:36,0
DA:37,0
DA:38,0
DA:39,0
DA:40,0
DA:42,0
DA:43,0
DA:44,0
DA:46,0
DA:47,0
DA:52,0
DA:53,0
DA:54,0
DA:55,0
DA:57,0
DA:59,0
DA:60,0
DA:61,0
DA:63,0
DA:64,0
DA:69,0
DA:70,0
DA:71,0
DA:72,0
DA:73,0
DA:75,0
DA:76,0
DA:77,0
DA:79,0
DA:80,0
DA:85,0
DA:86,0
DA:87,0
DA:88,0
DA:89,0
DA:91,0
DA:92,0
DA:93,0
DA:95,0
DA:96,0
DA:100,0
DA:108,0
DA:116,0
DA:124,0
DA:135,0
DA:136,0
DA:138,0
DA:139,0
DA:141,0
DA:142,0
DA:143,0
DA:148,0
DA:154,0
DA:155,0
DA:157,0
DA:160,0
DA:163,0
DA:164,0
LF:72
LH:0
BRDA:15,0,0,0
BRDA:15,0,1,0
BRDA:42,1,0,0
BRDA:42,1,1,0
BRDA:42,2,0,0
BRDA:42,2,1,0
BRDA:59,3,0,0
BRDA:59,3,1,0
BRDA:59,4,0,0
BRDA:59,4,1,0
BRDA:75,5,0,0
BRDA:75,5,1,0
BRDA:75,6,0,0
BRDA:75,6,1,0
BRDA:91,7,0,0
BRDA:91,7,1,0
BRDA:91,8,0,0
BRDA:91,8,1,0
BRDA:138,9,0,0
BRDA:138,9,1,0
BRDA:141,10,0,0
BRDA:141,10,1,0
BRF:22
BRH:0
end_of_record
TN:
SF:src/middleware/validation.js
FN:7,(anonymous_0)
FN:12,(anonymous_1)
FN:17,(anonymous_2)
FN:25,(anonymous_3)
FN:28,(anonymous_4)
FN:80,(anonymous_5)
FN:89,(anonymous_6)
FN:148,(anonymous_7)
FN:159,(anonymous_8)
FN:307,(anonymous_9)
FN:408,(anonymous_10)
FN:410,(anonymous_11)
FN:459,(anonymous_12)
FN:468,(anonymous_13)
FN:489,(anonymous_14)
FN:491,(anonymous_15)
FN:513,(anonymous_16)
FNF:17
FNH:10
FNDA:3,(anonymous_0)
FNDA:6,(anonymous_1)
FNDA:6,(anonymous_2)
FNDA:7,(anonymous_3)
FNDA:3,(anonymous_4)
FNDA:0,(anonymous_5)
FNDA:0,(anonymous_6)
FNDA:0,(anonymous_7)
FNDA:0,(anonymous_8)
FNDA:0,(anonymous_9)
FNDA:7,(anonymous_10)
FNDA:5,(anonymous_11)
FNDA:7,(anonymous_12)
FNDA:0,(anonymous_13)
FNDA:30,(anonymous_14)
FNDA:30,(anonymous_15)
FNDA:0,(anonymous_16)
DA:5,1
DA:7,1
DA:8,3
DA:9,3
DA:12,1
DA:13,6
DA:14,2
DA:16,2
DA:17,6
DA:25,1
DA:26,7
DA:27,7
DA:28,3
DA:34,2
DA:40,2
DA:42,5
DA:46,1
DA:67,1
DA:81,0
DA:82,0
DA:83,0
DA:85,0
DA:90,0
DA:91,0
DA:92,0
DA:94,0
DA:132,1
DA:149,0
DA:150,0
DA:151,0
DA:152,0
DA:154,0
DA:160,0
DA:161,0
DA:162,0
DA:163,0
DA:165,0
DA:208,1
DA:225,1
DA:237,1
DA:245,1
DA:283,1
DA:308,0
DA:310,0
DA:311,0
DA:313,0
DA:314,0
DA:353,1
DA:382,1
DA:395,1
DA:408,1
DA:409,7
DA:410,7
DA:411,5
DA:414,5
DA:441,5
DA:442,5
DA:445,5
DA:446,30
DA:450,5
DA:456,5
DA:459,7
DA:461,7
DA:463,7
DA:465,7
DA:467,7
DA:468,0
DA:469,0
DA:475,7
DA:476,7
DA:477,7
DA:478,19
DA:481,19
DA:482,14
DA:483,14
DA:486,5
DA:488,5
DA:489,30
DA:490,0
DA:491,30
DA:492,0
DA:495,5
DA:496,0
DA:497,0
DA:499,0
DA:502,7
DA:505,0
DA:508,7
DA:512,7
DA:513,7
DA:514,0
DA:515,0
DA:517,0
DA:520,7
DA:521,0
DA:522,0
DA:527,7
LF:97
LH:61
BRDA:8,0,0,0
BRDA:8,0,1,3
BRDA:9,1,0,2
BRDA:9,1,1,1
BRDA:13,2,0,4
BRDA:13,2,1,2
BRDA:13,3,0,6
BRDA:13,3,1,6
BRDA:14,4,0,0
BRDA:14,4,1,2
BRDA:19,5,0,2
BRDA:19,5,1,4
BRDA:27,6,0,2
BRDA:27,6,1,5
BRDA:29,7,0,3
BRDA:29,7,1,0
BRDA:31,8,0,3
BRDA:31,8,1,0
BRDA:81,9,0,0
BRDA:81,9,1,0
BRDA:82,10,0,0
BRDA:82,10,1,0
BRDA:82,11,0,0
BRDA:82,11,1,0
BRDA:90,12,0,0
BRDA:90,12,1,0
BRDA:91,13,0,0
BRDA:91,13,1,0
BRDA:91,14,0,0
BRDA:91,14,1,0
BRDA:91,14,2,0
BRDA:149,15,0,0
BRDA:149,15,1,0
BRDA:149,16,0,0
BRDA:149,16,1,0
BRDA:149,16,2,0
BRDA:150,17,0,0
BRDA:150,17,1,0
BRDA:151,18,0,0
BRDA:151,18,1,0
BRDA:151,19,0,0
BRDA:151,19,1,0
BRDA:160,20,0,0
BRDA:160,20,1,0
BRDA:160,21,0,0
BRDA:160,21,1,0
BRDA:160,21,2,0
BRDA:161,22,0,0
BRDA:161,22,1,0
BRDA:162,23,0,0
BRDA:162,23,1,0
BRDA:162,24,0,0
BRDA:162,24,1,0
BRDA:162,24,2,0
BRDA:308,25,0,0
BRDA:308,25,1,0
BRDA:308,26,0,0
BRDA:308,26,1,0
BRDA:311,27,0,0
BRDA:311,27,1,0
BRDA:409,28,0,7
BRDA:409,28,1,0
BRDA:410,29,0,0
BRDA:411,30,0,0
BRDA:411,30,1,5
BRDA:441,31,0,5
BRDA:441,31,1,0
BRDA:459,32,0,7
BRDA:467,33,0,0
BRDA:467,33,1,7
BRDA:469,34,0,0
BRDA:469,34,1,0
BRDA:469,35,0,0
BRDA:469,35,1,0
BRDA:475,36,0,7
BRDA:475,36,1,0
BRDA:475,37,0,7
BRDA:475,37,1,7
BRDA:478,38,0,0
BRDA:478,38,1,19
BRDA:481,39,0,14
BRDA:481,39,1,5
BRDA:486,40,0,5
BRDA:486,40,1,0
BRDA:489,41,0,0
BRDA:489,41,1,5
BRDA:491,42,0,0
BRDA:491,42,1,5
BRDA:496,43,0,0
BRDA:496,43,1,0
BRDA:512,44,0,7
BRDA:512,44,1,0
BRDA:512,45,0,7
BRDA:512,45,1,7
BRDA:514,46,0,0
BRDA:514,46,1,0
BRDA:521,47,0,0
BRDA:521,47,1,0
BRF:98
BRH:31
end_of_record
TN:
SF:src/models/Blog.js
FNF:0
FNH:0
DA:3,0
DA:92,0
DA:95,0
DA:96,0
DA:97,0
DA:100,0
DA:101,0
DA:102,0
DA:103,0
DA:105,0
LF:10
LH:0
BRF:0
BRH:0
end_of_record
TN:
SF:src/models/Bookmark.js
FNF:0
FNH:0
DA:3,0
DA:40,0
DA:43,0
DA:45,0
LF:4
LH:0
BRF:0
BRH:0
end_of_record
TN:
SF:src/models/Collection.js
FNF:0
FNH:0
DA:3,0
DA:105,0
DA:106,0
DA:107,0
DA:108,0
DA:110,0
LF:6
LH:0
BRF:0
BRH:0
end_of_record
TN:
SF:src/models/Comment.js
FNF:0
FNH:0
DA:3,0
DA:38,0
DA:39,0
DA:41,0
LF:4
LH:0
BRF:0
BRH:0
end_of_record
TN:
SF:src/models/Community.js
FNF:0
FNH:0
DA:3,0
DA:76,0
DA:77,0
DA:78,0
DA:79,0
DA:80,0
DA:82,0
LF:7
LH:0
BRF:0
BRH:0
end_of_record
TN:
SF:src/models/CommunityComment.js
FNF:0
FNH:0
DA:3,0
DA:34,0
DA:35,0
DA:37,0
LF:4
LH:0
BRF:0
BRH:0
end_of_record
TN:
SF:src/models/CommunityInvitation.js
FN:38,(anonymous_0)
FNF:1
FNH:0
FNDA:0,(anonymous_0)
DA:3,0
DA:38,0
DA:45,0
DA:46,0
DA:47,0
DA:48,0
DA:50,0
LF:7
LH:0
BRF:0
BRH:0
end_of_record
TN:
SF:src/models/CommunityMember.js
FNF:0
FNH:0
DA:3,0
DA:39,0
DA:40,0
DA:41,0
DA:42,0
DA:44,0
LF:6
LH:0
BRF:0
BRH:0
end_of_record
TN:
SF:src/models/CommunityPost.js
FNF:0
FNH:0
DA:3,0
DA:62,0
DA:63,0
DA:64,0
DA:65,0
DA:66,0
DA:67,0
DA:68,0
DA:70,0
LF:9
LH:0
BRF:0
BRH:0
end_of_record
TN:
SF:src/models/Country.js
FNF:0
FNH:0
DA:3,0
DA:299,0
DA:301,0
LF:3
LH:0
BRF:0
BRH:0
end_of_record
TN:
SF:src/models/Coupon.js
FNF:0
FNH:0
DA:3,0
DA:68,0
DA:70,0
LF:3
LH:0
BRF:0
BRH:0
end_of_record
TN:
SF:src/models/HistoricalFigure.js
FNF:0
FNH:0
DA:3,0
DA:153,0
DA:154,0
DA:155,0
DA:156,0
DA:157,0
DA:159,0
LF:7
LH:0
BRF:0
BRH:0
end_of_record
TN:
SF:src/models/Newsletter.js
FNF:0
FNH:0
DA:3,0
DA:33,0
DA:35,0
LF:3
LH:0
BRF:0
BRH:0
end_of_record
TN:
SF:src/models/Notification.js
FNF:0
FNH:0
DA:3,0
DA:40,0
DA:41,0
DA:43,0
LF:4
LH:0
BRF:0
BRH:0
end_of_record
TN:
SF:src/models/Order.js
FN:102,(anonymous_0)
FNF:1
FNH:0
FNDA:0,(anonymous_0)
DA:3,0
DA:19,0
DA:102,0
DA:103,0
DA:104,0
DA:105,0
DA:107,0
DA:111,0
DA:112,0
DA:114,0
LF:10
LH:0
BRDA:103,0,0,0
BRDA:103,0,1,0
BRF:2
BRH:0
end_of_record
TN:
SF:src/models/Product.js
FNF:0
FNH:0
DA:3,0
DA:140,0
DA:143,0
DA:144,0
DA:145,0
DA:146,0
DA:149,0
DA:150,0
DA:151,0
DA:152,0
DA:153,0
DA:156,0
LF:12
LH:0
BRF:0
BRH:0
end_of_record
TN:
SF:src/models/Proverb.js
FNF:0
FNH:0
DA:3,0
DA:87,0
DA:90,0
DA:91,0
DA:93,0
LF:5
LH:0
BRF:0
BRH:0
end_of_record
TN:
SF:src/models/Quiz.js
FN:106,(anonymous_0)
FN:108,(anonymous_1)
FNF:2
FNH:0
FNDA:0,(anonymous_0)
FNDA:0,(anonymous_1)
DA:3,0
DA:106,0
DA:107,0
DA:108,0
DA:110,0
DA:114,0
DA:115,0
DA:116,0
DA:117,0
DA:119,0
LF:10
LH:0
BRDA:107,0,0,0
BRDA:107,0,1,0
BRDA:107,1,0,0
BRDA:107,1,1,0
BRDA:108,2,0,0
BRDA:108,2,1,0
BRF:6
BRH:0
end_of_record
TN:
SF:src/models/RefreshToken.js
FN:42,(anonymous_0)
FNF:1
FNH:0
FNDA:0,(anonymous_0)
DA:3,1
DA:39,1
DA:42,1
DA:43,0
DA:46,1
LF:5
LH:4
BRDA:43,0,0,0
BRDA:43,0,1,0
BRF:2
BRH:0
end_of_record
TN:
SF:src/models/Review.js
FNF:0
FNH:0
DA:3,0
DA:59,0
DA:60,0
DA:62,0
LF:4
LH:0
BRF:0
BRH:0
end_of_record
TN:
SF:src/models/Settings.js
FN:67,(anonymous_0)
FNF:1
FNH:0
FNDA:0,(anonymous_0)
DA:3,0
DA:67,0
DA:68,0
DA:69,0
DA:70,0
DA:72,0
DA:75,0
LF:7
LH:0
BRDA:69,0,0,0
BRDA:69,0,1,0
BRF:2
BRH:0
end_of_record
TN:
SF:src/models/Source.js
FNF:0
FNH:0
DA:3,0
DA:91,0
DA:92,0
DA:93,0
DA:94,0
DA:96,0
LF:6
LH:0
BRF:0
BRH:0
end_of_record
TN:
SF:src/models/Story.js
FNF:0
FNH:0
DA:3,0
DA:127,0
DA:128,0
DA:129,0
DA:130,0
DA:132,0
LF:6
LH:0
BRF:0
BRH:0
end_of_record
TN:
SF:src/models/TimelineEvent.js
FNF:0
FNH:0
DA:3,0
DA:161,0
DA:162,0
DA:163,0
DA:164,0
DA:165,0
DA:167,0
LF:7
LH:0
BRF:0
BRH:0
end_of_record
TN:
SF:src/models/TwoFactorAuth.js
FNF:0
FNH:0
DA:3,1
DA:44,1
LF:2
LH:2
BRF:0
BRH:0
end_of_record
TN:
SF:src/models/User.js
FN:60,(anonymous_0)
FN:67,(anonymous_1)
FN:72,(anonymous_2)
FNF:3
FNH:2
FNDA:3,(anonymous_0)
FNDA:2,(anonymous_1)
FNDA:0,(anonymous_2)
DA:4,1
DA:60,1
DA:61,3
DA:62,3
DA:63,3
DA:67,1
DA:68,2
DA:72,1
DA:73,0
DA:74,0
DA:75,0
DA:78,1
LF:12
LH:9
BRDA:61,0,0,0
BRDA:61,0,1,3
BRF:2
BRH:1
end_of_record
TN:
SF:src/models/UserProgress.js
FN:108,(anonymous_0)
FN:115,(anonymous_1)
FNF:2
FNH:0
FNDA:0,(anonymous_0)
FNDA:0,(anonymous_1)
DA:3,0
DA:108,0
DA:110,0
DA:111,0
DA:115,0
DA:116,0
DA:117,0
DA:118,0
DA:121,0
LF:9
LH:0
BRF:0
BRH:0
end_of_record
TN:
SF:src/routes/analytics.js
FNF:0
FNH:0
DA:5,0
DA:8,0
DA:11,0
LF:3
LH:0
BRF:0
BRH:0
end_of_record
TN:
SF:src/routes/auth.js
FNF:0
FNH:0
DA:9,1
DA:60,1
DA:63,1
DA:66,1
DA:74,1
DA:77,1
DA:80,1
DA:92,1
DA:95,1
DA:104,1
DA:112,1
DA:128,1
LF:12
LH:12
BRF:0
BRH:0
end_of_record
TN:
SF:src/routes/blog.js
FNF:0
FNH:0
DA:13,0
DA:16,0
DA:19,0
DA:22,0
DA:25,0
DA:28,0
LF:6
LH:0
BRF:0
BRH:0
end_of_record
TN:
SF:src/routes/bookmarks.js
FNF:0
FNH:0
DA:12,0
DA:15,0
DA:17,0
DA:18,0
DA:19,0
DA:20,0
DA:21,0
DA:22,0
LF:8
LH:0
BRF:0
BRH:0
end_of_record
TN:
SF:src/routes/collections.js
FNF:0
FNH:0
DA:12,0
DA:15,0
DA:16,0
DA:17,0
DA:20,0
DA:21,0
DA:22,0
LF:7
LH:0
BRF:0
BRH:0
end_of_record
TN:
SF:src/routes/comments.js
FNF:0
FNH:0
DA:9,0
DA:12,0
DA:15,0
DA:16,0
LF:4
LH:0
BRF:0
BRH:0
end_of_record
TN:
SF:src/routes/communities.js
FNF:0
FNH:0
DA:40,0
DA:43,0
DA:44,0
DA:47,0
DA:48,0
DA:49,0
DA:50,0
DA:51,0
DA:52,0
DA:55,0
DA:56,0
DA:57,0
DA:58,0
DA:59,0
DA:62,0
DA:63,0
DA:64,0
DA:65,0
DA:66,0
DA:67,0
DA:70,0
DA:71,0
DA:72,0
DA:73,0
DA:74,0
DA:75,0
DA:76,0
DA:77,0
DA:78,0
LF:29
LH:0
BRF:0
BRH:0
end_of_record
TN:
SF:src/routes/community.js
FNF:0
FNH:0
DA:17,0
DA:20,0
DA:21,0
DA:22,0
DA:25,0
DA:26,0
DA:27,0
DA:28,0
DA:29,0
DA:32,0
LF:10
LH:0
BRF:0
BRH:0
end_of_record
TN:
SF:src/routes/countries.js
FNF:0
FNH:0
DA:14,0
DA:17,0
DA:18,0
DA:21,0
DA:22,0
DA:23,0
DA:24,0
LF:7
LH:0
BRF:0
BRH:0
end_of_record
TN:
SF:src/routes/coupons.js
FNF:0
FNH:0
DA:12,0
DA:15,0
DA:18,0
DA:19,0
DA:21,0
DA:22,0
DA:23,0
DA:24,0
DA:25,0
LF:9
LH:0
BRF:0
BRH:0
end_of_record
TN:
SF:src/routes/figures.js
FNF:0
FNH:0
DA:11,0
DA:14,0
DA:15,0
DA:18,0
DA:19,0
DA:20,0
LF:6
LH:0
BRF:0
BRH:0
end_of_record
TN:
SF:src/routes/home.js
FNF:0
FNH:0
DA:4,0
DA:7,0
DA:10,0
DA:13,0
DA:16,0
LF:5
LH:0
BRF:0
BRH:0
end_of_record
TN:
SF:src/routes/monitoring.js
FNF:0
FNH:0
DA:5,0
DA:8,0
DA:9,0
DA:12,0
DA:15,0
DA:18,0
LF:6
LH:0
BRF:0
BRH:0
end_of_record
TN:
SF:src/routes/newsletter.js
FNF:0
FNH:0
DA:10,0
DA:13,0
DA:14,0
DA:17,0
LF:4
LH:0
BRF:0
BRH:0
end_of_record
TN:
SF:src/routes/notifications.js
FNF:0
FNH:0
DA:10,0
DA:13,0
DA:16,0
DA:19,0
DA:22,0
DA:25,0
LF:6
LH:0
BRF:0
BRH:0
end_of_record
TN:
SF:src/routes/orders.js
FNF:0
FNH:0
DA:13,0
DA:16,0
DA:19,0
DA:20,0
DA:21,0
DA:22,0
DA:25,0
DA:26,0
LF:8
LH:0
BRF:0
BRH:0
end_of_record
TN:
SF:src/routes/payments.js
FNF:0
FNH:0
DA:9,0
DA:12,0
DA:15,0
DA:18,0
LF:4
LH:0
BRF:0
BRH:0
end_of_record
TN:
SF:src/routes/products.js
FNF:0
FNH:0
DA:16,0
DA:19,0
DA:20,0
DA:21,0
DA:22,0
DA:23,0
DA:27,0
DA:29,0
DA:31,0
LF:9
LH:0
BRF:0
BRH:0
end_of_record
TN:
SF:src/routes/progress.js
FNF:0
FNH:0
DA:9,0
DA:12,0
DA:14,0
DA:15,0
DA:16,0
LF:5
LH:0
BRF:0
BRH:0
end_of_record
TN:
SF:src/routes/proverbs.js
FNF:0
FNH:0
DA:14,0
DA:17,0
DA:18,0
DA:19,0
DA:20,0
DA:23,0
DA:24,0
DA:25,0
LF:8
LH:0
BRF:0
BRH:0
end_of_record
TN:
SF:src/routes/quizzes.js
FNF:0
FNH:0
DA:12,0
DA:15,0
DA:16,0
DA:17,0
DA:20,0
DA:21,0
DA:22,0
LF:7
LH:0
BRF:0
BRH:0
end_of_record
TN:
SF:src/routes/recommendations.js
FNF:0
FNH:0
DA:5,0
DA:8,0
LF:2
LH:0
BRF:0
BRH:0
end_of_record
TN:
SF:src/routes/reviews.js
FNF:0
FNH:0
DA:9,0
DA:12,0
DA:15,0
DA:16,0
LF:4
LH:0
BRF:0
BRH:0
end_of_record
TN:
SF:src/routes/search.js
FNF:0
FNH:0
DA:4,0
DA:7,0
DA:10,0
LF:3
LH:0
BRF:0
BRH:0
end_of_record
TN:
SF:src/routes/settings.js
FNF:0
FNH:0
DA:5,0
DA:8,0
DA:11,0
LF:3
LH:0
BRF:0
BRH:0
end_of_record
TN:
SF:src/routes/sources.js
FNF:0
FNH:0
DA:12,0
DA:15,0
DA:16,0
DA:17,0
DA:20,0
DA:21,0
DA:22,0
LF:7
LH:0
BRF:0
BRH:0
end_of_record
TN:
SF:src/routes/stories.js
FNF:0
FNH:0
DA:12,0
DA:15,0
DA:16,0
DA:17,0
DA:20,0
DA:21,0
DA:22,0
LF:7
LH:0
BRF:0
BRH:0
end_of_record
TN:
SF:src/routes/timeline.js
FNF:0
FNH:0
DA:13,0
DA:16,0
DA:17,0
DA:18,0
DA:19,0
DA:22,0
DA:23,0
DA:24,0
LF:8
LH:0
BRF:0
BRH:0
end_of_record
TN:
SF:src/routes/upload.js
FN:19,(anonymous_0)
FN:49,(anonymous_1)
FN:82,(anonymous_2)
FN:114,(anonymous_3)
FNF:4
FNH:0
FNDA:0,(anonymous_0)
FNDA:0,(anonymous_1)
FNDA:0,(anonymous_2)
FNDA:0,(anonymous_3)
DA:13,0
DA:14,0
DA:16,0
DA:19,0
DA:20,0
DA:21,0
DA:24,0
DA:26,0
DA:28,0
DA:33,0
DA:40,0
DA:44,0
DA:49,0
DA:50,0
DA:51,0
DA:56,0
DA:58,0
DA:60,0
DA:61,0
DA:62,0
DA:65,0
DA:67,0
DA:74,0
DA:82,0
DA:83,0
DA:84,0
DA:88,0
DA:90,0
DA:92,0
DA:93,0
DA:94,0
DA:97,0
DA:99,0
DA:106,0
DA:114,0
DA:115,0
DA:116,0
DA:120,0
DA:122,0
DA:124,0
DA:125,0
DA:126,0
DA:129,0
DA:131,0
DA:138,0
DA:146,0
LF:46
LH:0
BRDA:20,0,0,0
BRDA:20,0,1,0
BRDA:34,1,0,0
BRDA:34,1,1,0
BRDA:37,2,0,0
BRDA:37,2,1,0
BRDA:50,3,0,0
BRDA:50,3,1,0
BRDA:56,4,0,0
BRDA:56,4,1,0
BRDA:58,5,0,0
BRDA:58,5,1,0
BRDA:61,6,0,0
BRDA:61,6,1,0
BRDA:61,7,0,0
BRDA:61,7,1,0
BRDA:83,8,0,0
BRDA:83,8,1,0
BRDA:88,9,0,0
BRDA:88,9,1,0
BRDA:90,10,0,0
BRDA:90,10,1,0
BRDA:93,11,0,0
BRDA:93,11,1,0
BRDA:93,12,0,0
BRDA:93,12,1,0
BRDA:115,13,0,0
BRDA:115,13,1,0
BRDA:120,14,0,0
BRDA:120,14,1,0
BRDA:122,15,0,0
BRDA:122,15,1,0
BRDA:125,16,0,0
BRDA:125,16,1,0
BRDA:125,17,0,0
BRDA:125,17,1,0
BRF:36
BRH:0
end_of_record
TN:
SF:src/routes/users.js
FNF:0
FNH:0
DA:14,0
DA:17,0
DA:20,0
DA:23,0
DA:24,0
DA:25,0
DA:26,0
DA:27,0
LF:8
LH:0
BRF:0
BRH:0
end_of_record
TN:
SF:src/scripts/migrateCountries.js
FN:36,(anonymous_0)
FNF:1
FNH:0
FNDA:0,(anonymous_0)
DA:8,0
DA:11,0
DA:36,0
DA:37,0
DA:38,0
DA:39,0
DA:41,0
DA:42,0
DA:44,0
DA:45,0
DA:47,0
DA:48,0
DA:49,0
DA:50,0
DA:52,0
DA:53,0
DA:54,0
DA:58,0
DA:59,0
DA:61,0
DA:62,0
DA:66,0
LF:22
LH:0
BRDA:47,0,0,0
BRDA:47,0,1,0
BRF:2
BRH:0
end_of_record
TN:
SF:src/scripts/seedAll.js
FN:14,(anonymous_0)
FNF:1
FNH:0
FNDA:0,(anonymous_0)
DA:6,0
DA:14,0
DA:15,0
DA:16,0
DA:17,0
DA:20,0
DA:21,0
DA:22,0
DA:25,0
DA:26,0
DA:29,0
DA:30,0
DA:31,0
DA:33,0
DA:34,0
DA:37,0
DA:38,0
DA:39,0
DA:41,0
DA:42,0
DA:45,0
DA:46,0
DA:47,0
DA:49,0
DA:50,0
DA:53,0
DA:54,0
DA:55,0
DA:57,0
DA:58,0
DA:62,0
LF:31
LH:0
BRDA:21,0,0,0
BRDA:21,0,1,0
BRDA:30,1,0,0
BRDA:30,1,1,0
BRDA:38,2,0,0
BRDA:38,2,1,0
BRDA:46,3,0,0
BRDA:46,3,1,0
BRF:8
BRH:0
end_of_record
TN:
SF:src/scripts/seedCollections.js
FN:12,(anonymous_0)
FN:141,(anonymous_1)
FN:144,(anonymous_2)
FN:152,(anonymous_3)
FN:155,(anonymous_4)
FN:163,(anonymous_5)
FN:166,(anonymous_6)
FN:170,(anonymous_7)
FN:176,(anonymous_8)
FN:185,(anonymous_9)
FN:188,(anonymous_10)
FN:192,(anonymous_11)
FN:198,(anonymous_12)
FN:207,(anonymous_13)
FN:210,(anonymous_14)
FN:214,(anonymous_15)
FN:220,(anonymous_16)
FN:229,(anonymous_17)
FN:232,(anonymous_18)
FN:236,(anonymous_19)
FN:242,(anonymous_20)
FN:251,(anonymous_21)
FN:254,(anonymous_22)
FN:258,(anonymous_23)
FN:264,(anonymous_24)
FN:273,(anonymous_25)
FN:276,(anonymous_26)
FN:280,(anonymous_27)
FN:286,(anonymous_28)
FN:308,(anonymous_29)
FN:322,(anonymous_30)
FN:322,(anonymous_31)
FNF:32
FNH:0
FNDA:0,(anonymous_0)
FNDA:0,(anonymous_1)
FNDA:0,(anonymous_2)
FNDA:0,(anonymous_3)
FNDA:0,(anonymous_4)
FNDA:0,(anonymous_5)
FNDA:0,(anonymous_6)
FNDA:0,(anonymous_7)
FNDA:0,(anonymous_8)
FNDA:0,(anonymous_9)
FNDA:0,(anonymous_10)
FNDA:0,(anonymous_11)
FNDA:0,(anonymous_12)
FNDA:0,(anonymous_13)
FNDA:0,(anonymous_14)
FNDA:0,(anonymous_15)
FNDA:0,(anonymous_16)
FNDA:0,(anonymous_17)
FNDA:0,(anonymous_18)
FNDA:0,(anonymous_19)
FNDA:0,(anonymous_20)
FNDA:0,(anonymous_21)
FNDA:0,(anonymous_22)
FNDA:0,(anonymous_23)
FNDA:0,(anonymous_24)
FNDA:0,(anonymous_25)
FNDA:0,(anonymous_26)
FNDA:0,(anonymous_27)
FNDA:0,(anonymous_28)
FNDA:0,(anonymous_29)
FNDA:0,(anonymous_30)
FNDA:0,(anonymous_31)
DA:10,0
DA:12,0
DA:13,0
DA:15,0
DA:16,0
DA:18,0
DA:21,0
DA:22,0
DA:23,0
DA:25,0
DA:124,0
DA:125,0
DA:126,0
DA:128,0
DA:129,0
DA:130,0
DA:132,0
DA:133,0
DA:134,0
DA:135,0
DA:139,0
DA:141,0
DA:142,0
DA:144,0
DA:150,0
DA:152,0
DA:153,0
DA:155,0
DA:161,0
DA:163,0
DA:164,0
DA:166,0
DA:167,0
DA:169,0
DA:170,0
DA:176,0
DA:183,0
DA:185,0
DA:186,0
DA:188,0
DA:189,0
DA:191,0
DA:192,0
DA:198,0
DA:205,0
DA:207,0
DA:208,0
DA:210,0
DA:211,0
DA:213,0
DA:214,0
DA:220,0
DA:227,0
DA:229,0
DA:230,0
DA:232,0
DA:233,0
DA:235,0
DA:236,0
DA:242,0
DA:249,0
DA:251,0
DA:252,0
DA:254,0
DA:255,0
DA:257,0
DA:258,0
DA:264,0
DA:271,0
DA:273,0
DA:274,0
DA:276,0
DA:277,0
DA:279,0
DA:280,0
DA:286,0
DA:295,0
DA:296,0
DA:297,0
DA:299,0
DA:300,0
DA:301,0
DA:305,0
DA:306,0
DA:307,0
DA:308,0
DA:310,0
DA:312,0
DA:313,0
DA:321,0
DA:322,0
LF:91
LH:0
BRDA:15,0,0,0
BRDA:15,0,1,0
BRDA:132,1,0,0
BRDA:132,1,1,0
BRDA:139,2,0,0
BRDA:139,2,1,0
BRDA:142,3,0,0
BRDA:142,3,1,0
BRDA:142,3,2,0
BRDA:142,3,3,0
BRDA:150,4,0,0
BRDA:150,4,1,0
BRDA:153,5,0,0
BRDA:153,5,1,0
BRDA:153,5,2,0
BRDA:153,5,3,0
BRDA:161,6,0,0
BRDA:161,6,1,0
BRDA:164,7,0,0
BRDA:164,7,1,0
BRDA:164,7,2,0
BRDA:167,8,0,0
BRDA:167,8,1,0
BRDA:167,8,2,0
BRDA:167,8,3,0
BRDA:183,9,0,0
BRDA:183,9,1,0
BRDA:186,10,0,0
BRDA:186,10,1,0
BRDA:186,10,2,0
BRDA:186,10,3,0
BRDA:189,11,0,0
BRDA:189,11,1,0
BRDA:205,12,0,0
BRDA:205,12,1,0
BRDA:208,13,0,0
BRDA:208,13,1,0
BRDA:208,13,2,0
BRDA:227,14,0,0
BRDA:227,14,1,0
BRDA:230,15,0,0
BRDA:230,15,1,0
BRDA:230,15,2,0
BRDA:230,15,3,0
BRDA:233,16,0,0
BRDA:233,16,1,0
BRDA:249,17,0,0
BRDA:249,17,1,0
BRDA:252,18,0,0
BRDA:252,18,1,0
BRDA:252,18,2,0
BRDA:255,19,0,0
BRDA:255,19,1,0
BRDA:271,20,0,0
BRDA:271,20,1,0
BRDA:274,21,0,0
BRDA:274,21,1,0
BRDA:274,21,2,0
BRDA:274,21,3,0
BRDA:306,22,0,0
BRDA:306,22,1,0
BRDA:321,23,0,0
BRDA:321,23,1,0
BRDA:321,24,0,0
BRDA:321,24,1,0
BRF:65
BRH:0
end_of_record
TN:
SF:src/scripts/seedFigures.js
FN:211,(anonymous_0)
FN:262,(anonymous_1)
FN:276,(anonymous_2)
FN:276,(anonymous_3)
FNF:4
FNH:0
FNDA:0,(anonymous_0)
FNDA:0,(anonymous_1)
FNDA:0,(anonymous_2)
FNDA:0,(anonymous_3)
DA:8,0
DA:10,0
DA:211,0
DA:212,0
DA:214,0
DA:215,0
DA:217,0
DA:219,0
DA:220,0
DA:221,0
DA:223,0
DA:224,0
DA:225,0
DA:227,0
DA:228,0
DA:229,0
DA:230,0
DA:234,0
DA:235,0
DA:236,0
DA:237,0
DA:243,0
DA:244,0
DA:245,0
DA:249,0
DA:250,0
DA:251,0
DA:253,0
DA:254,0
DA:255,0
DA:259,0
DA:260,0
DA:261,0
DA:262,0
DA:264,0
DA:266,0
DA:267,0
DA:275,0
DA:276,0
LF:39
LH:0
BRDA:214,0,0,0
BRDA:214,0,1,0
BRDA:227,1,0,0
BRDA:227,1,1,0
BRDA:234,2,0,0
BRDA:234,2,1,0
BRDA:243,3,0,0
BRDA:243,3,1,0
BRDA:260,4,0,0
BRDA:260,4,1,0
BRDA:275,5,0,0
BRDA:275,5,1,0
BRDA:275,6,0,0
BRDA:275,6,1,0
BRF:14
BRH:0
end_of_record
TN:
SF:src/scripts/seedProverbs.js
FN:338,(anonymous_0)
FN:413,(anonymous_1)
FNF:2
FNH:0
FNDA:0,(anonymous_0)
FNDA:0,(anonymous_1)
DA:9,0
DA:12,0
DA:338,0
DA:339,0
DA:340,0
DA:341,0
DA:343,0
DA:344,0
DA:345,0
DA:347,0
DA:348,0
DA:350,0
DA:352,0
DA:353,0
DA:354,0
DA:358,0
DA:359,0
DA:363,0
DA:368,0
DA:369,0
DA:370,0
DA:371,0
DA:377,0
DA:379,0
DA:396,0
DA:397,0
DA:399,0
DA:403,0
DA:410,0
DA:411,0
DA:412,0
DA:413,0
DA:414,0
DA:418,0
DA:420,0
DA:421,0
DA:426,0
LF:37
LH:0
BRDA:352,0,0,0
BRDA:352,0,1,0
BRDA:368,1,0,0
BRDA:368,1,1,0
BRDA:377,2,0,0
BRDA:377,2,1,0
BRDA:381,3,0,0
BRDA:381,3,1,0
BRDA:386,4,0,0
BRDA:386,4,1,0
BRDA:387,5,0,0
BRDA:387,5,1,0
BRDA:388,6,0,0
BRDA:388,6,1,0
BRDA:389,7,0,0
BRDA:389,7,1,0
BRDA:390,8,0,0
BRDA:390,8,1,0
BRDA:391,9,0,0
BRDA:391,9,1,0
BRDA:411,10,0,0
BRDA:411,10,1,0
BRF:22
BRH:0
end_of_record
TN:
SF:src/scripts/seedQuizzes.js
FN:435,(anonymous_0)
FN:469,(anonymous_1)
FNF:2
FNH:0
FNDA:0,(anonymous_0)
FNDA:0,(anonymous_1)
DA:8,0
DA:10,0
DA:435,0
DA:436,0
DA:437,0
DA:438,0
DA:440,0
DA:441,0
DA:442,0
DA:444,0
DA:445,0
DA:447,0
DA:449,0
DA:450,0
DA:451,0
DA:452,0
DA:456,0
DA:457,0
DA:458,0
DA:460,0
DA:461,0
DA:462,0
DA:466,0
DA:467,0
DA:468,0
DA:469,0
DA:471,0
DA:473,0
DA:474,0
DA:478,0
LF:30
LH:0
BRDA:449,0,0,0
BRDA:449,0,1,0
BRDA:467,1,0,0
BRDA:467,1,1,0
BRF:4
BRH:0
end_of_record
TN:
SF:src/scripts/seedStories.js
FN:103,(anonymous_0)
FN:138,(anonymous_1)
FN:152,(anonymous_2)
FN:152,(anonymous_3)
FNF:4
FNH:0
FNDA:0,(anonymous_0)
FNDA:0,(anonymous_1)
FNDA:0,(anonymous_2)
FNDA:0,(anonymous_3)
DA:8,0
DA:10,0
DA:103,0
DA:104,0
DA:106,0
DA:107,0
DA:109,0
DA:111,0
DA:112,0
DA:113,0
DA:115,0
DA:116,0
DA:117,0
DA:119,0
DA:120,0
DA:121,0
DA:122,0
DA:125,0
DA:126,0
DA:127,0
DA:129,0
DA:130,0
DA:131,0
DA:135,0
DA:136,0
DA:137,0
DA:138,0
DA:140,0
DA:142,0
DA:143,0
DA:151,0
DA:152,0
LF:32
LH:0
BRDA:106,0,0,0
BRDA:106,0,1,0
BRDA:119,1,0,0
BRDA:119,1,1,0
BRDA:136,2,0,0
BRDA:136,2,1,0
BRDA:151,3,0,0
BRDA:151,3,1,0
BRDA:151,4,0,0
BRDA:151,4,1,0
BRF:10
BRH:0
end_of_record
TN:
SF:src/scripts/seedTimeline.js
FN:164,(anonymous_0)
FN:210,(anonymous_1)
FN:224,(anonymous_2)
FN:224,(anonymous_3)
FNF:4
FNH:0
FNDA:0,(anonymous_0)
FNDA:0,(anonymous_1)
FNDA:0,(anonymous_2)
FNDA:0,(anonymous_3)
DA:8,0
DA:10,0
DA:164,0
DA:165,0
DA:166,0
DA:167,0
DA:169,0
DA:170,0
DA:171,0
DA:173,0
DA:174,0
DA:175,0
DA:177,0
DA:178,0
DA:179,0
DA:180,0
DA:184,0
DA:185,0
DA:186,0
DA:192,0
DA:193,0
DA:197,0
DA:198,0
DA:199,0
DA:201,0
DA:202,0
DA:203,0
DA:207,0
DA:208,0
DA:209,0
DA:210,0
DA:212,0
DA:214,0
DA:215,0
DA:223,0
DA:224,0
LF:36
LH:0
BRDA:177,0,0,0
BRDA:177,0,1,0
BRDA:184,1,0,0
BRDA:184,1,1,0
BRDA:192,2,0,0
BRDA:192,2,1,0
BRDA:208,3,0,0
BRDA:208,3,1,0
BRDA:223,4,0,0
BRDA:223,4,1,0
BRDA:223,5,0,0
BRDA:223,5,1,0
BRF:12
BRH:0
end_of_record
TN:
SF:src/utils/anomalyDetection.js
FN:12,(anonymous_0)
FN:23,(anonymous_1)
FN:66,(anonymous_2)
FN:116,(anonymous_3)
FN:176,(anonymous_4)
FN:217,(anonymous_5)
FN:232,(anonymous_6)
FN:254,(anonymous_7)
FN:262,(anonymous_8)
FN:275,(anonymous_9)
FNF:10
FNH:5
FNDA:1,(anonymous_0)
FNDA:1,(anonymous_1)
FNDA:1,(anonymous_2)
FNDA:0,(anonymous_3)
FNDA:0,(anonymous_4)
FNDA:0,(anonymous_5)
FNDA:1,(anonymous_6)
FNDA:1,(anonymous_7)
FNDA:0,(anonymous_8)
FNDA:0,(anonymous_9)
DA:13,1
DA:14,1
DA:15,1
DA:24,1
DA:25,1
DA:27,1
DA:28,1
DA:36,1
DA:37,1
DA:38,1
DA:39,1
DA:42,1
DA:43,0
DA:47,1
DA:48,0
DA:57,1
DA:67,1
DA:69,1
DA:75,1
DA:76,1
DA:77,1
DA:78,1
DA:81,1
DA:83,0
DA:85,0
DA:86,0
DA:97,1
DA:98,0
DA:107,0
DA:117,0
DA:145,0
DA:146,0
DA:147,0
DA:148,0
DA:152,0
DA:160,0
DA:161,0
DA:165,0
DA:166,0
DA:177,0
DA:178,0
DA:179,0
DA:180,0
DA:183,0
DA:184,0
DA:187,0
DA:189,0
DA:190,0
DA:200,0
DA:206,0
DA:208,0
DA:218,0
DA:233,1
DA:234,1
DA:236,1
DA:237,1
DA:238,0
DA:243,1
DA:244,0
DA:245,0
DA:255,1
DA:263,0
DA:272,1
DA:275,1
DA:276,0
LF:65
LH:30
BRDA:27,0,0,1
BRDA:27,0,1,0
BRDA:42,1,0,0
BRDA:42,1,1,1
BRDA:47,2,0,0
BRDA:47,2,1,1
BRDA:75,3,0,1
BRDA:75,3,1,0
BRDA:81,4,0,0
BRDA:81,4,1,1
BRDA:81,5,0,1
BRDA:81,5,1,1
BRDA:85,6,0,0
BRDA:85,6,1,0
BRDA:97,7,0,0
BRDA:97,7,1,1
BRDA:97,8,0,1
BRDA:97,8,1,0
BRDA:146,9,0,0
BRDA:146,9,1,0
BRDA:160,10,0,0
BRDA:160,10,1,0
BRDA:160,11,0,0
BRDA:160,11,1,0
BRDA:165,12,0,0
BRDA:165,12,1,0
BRDA:178,13,0,0
BRDA:178,13,1,0
BRDA:178,13,2,0
BRDA:180,14,0,0
BRDA:180,14,1,0
BRDA:183,15,0,0
BRDA:183,15,1,0
BRDA:218,16,0,0
BRDA:218,16,1,0
BRDA:218,17,0,0
BRDA:218,17,1,0
BRDA:237,18,0,0
BRDA:237,18,1,1
BRDA:244,19,0,0
BRDA:244,19,1,0
BRF:41
BRH:10
end_of_record
TN:
SF:src/utils/cache.js
FN:10,(anonymous_0)
FN:21,(anonymous_1)
FN:25,(anonymous_2)
FN:40,(anonymous_3)
FN:52,(anonymous_4)
FN:71,(anonymous_5)
FN:88,(anonymous_6)
FN:105,(anonymous_7)
FN:125,(anonymous_8)
FN:126,(anonymous_9)
FN:145,(anonymous_10)
FN:147,(anonymous_11)
FNF:12
FNH:0
FNDA:0,(anonymous_0)
FNDA:0,(anonymous_1)
FNDA:0,(anonymous_2)
FNDA:0,(anonymous_3)
FNDA:0,(anonymous_4)
FNDA:0,(anonymous_5)
FNDA:0,(anonymous_6)
FNDA:0,(anonymous_7)
FNDA:0,(anonymous_8)
FNDA:0,(anonymous_9)
FNDA:0,(anonymous_10)
FNDA:0,(anonymous_11)
DA:5,0
DA:10,0
DA:11,0
DA:12,0
DA:13,0
DA:14,0
DA:17,0
DA:21,0
DA:22,0
DA:25,0
DA:26,0
DA:29,0
DA:30,0
DA:32,0
DA:33,0
DA:40,0
DA:41,0
DA:42,0
DA:43,0
DA:52,0
DA:53,0
DA:55,0
DA:56,0
DA:57,0
DA:59,0
DA:60,0
DA:71,0
DA:72,0
DA:74,0
DA:75,0
DA:76,0
DA:78,0
DA:79,0
DA:88,0
DA:89,0
DA:91,0
DA:92,0
DA:93,0
DA:95,0
DA:96,0
DA:105,0
DA:106,0
DA:108,0
DA:109,0
DA:110,0
DA:112,0
DA:113,0
DA:115,0
DA:116,0
DA:125,0
DA:126,0
DA:127,0
DA:128,0
DA:132,0
DA:137,0
DA:138,0
DA:139,0
DA:140,0
DA:144,0
DA:145,0
DA:146,0
DA:147,0
DA:148,0
DA:151,0
DA:154,0
LF:65
LH:0
BRDA:12,0,0,0
BRDA:12,0,1,0
BRDA:41,1,0,0
BRDA:41,1,1,0
BRDA:53,2,0,0
BRDA:53,2,1,0
BRDA:57,3,0,0
BRDA:57,3,1,0
BRDA:71,4,0,0
BRDA:72,5,0,0
BRDA:72,5,1,0
BRDA:89,6,0,0
BRDA:89,6,1,0
BRDA:106,7,0,0
BRDA:106,7,1,0
BRDA:110,8,0,0
BRDA:110,8,1,0
BRDA:125,9,0,0
BRDA:125,10,0,0
BRDA:127,11,0,0
BRDA:127,11,1,0
BRDA:132,12,0,0
BRDA:132,12,1,0
BRDA:138,13,0,0
BRDA:138,13,1,0
BRDA:146,14,0,0
BRDA:146,14,1,0
BRF:27
BRH:0
end_of_record
TN:
SF:src/utils/cloudinary.js
FN:23,(anonymous_0)
FN:71,(anonymous_1)
FN:92,(anonymous_2)
FNF:3
FNH:0
FNDA:0,(anonymous_0)
FNDA:0,(anonymous_1)
FNDA:0,(anonymous_2)
DA:6,0
DA:7,0
DA:12,0
DA:14,0
DA:23,0
DA:25,0
DA:26,0
DA:27,0
DA:34,0
DA:40,0
DA:42,0
DA:49,0
DA:51,0
DA:61,0
DA:62,0
DA:71,0
DA:72,0
DA:73,0
DA:76,0
DA:77,0
DA:78,0
DA:79,0
DA:81,0
DA:82,0
DA:92,0
DA:93,0
DA:94,0
DA:103,0
DA:105,0
DA:106,0
DA:107,0
DA:108,0
DA:109,0
DA:110,0
DA:112,0
LF:35
LH:0
BRDA:6,0,0,0
BRDA:6,0,1,0
BRDA:6,1,0,0
BRDA:6,1,1,0
BRDA:6,1,2,0
BRDA:23,2,0,0
BRDA:25,3,0,0
BRDA:25,3,1,0
BRDA:36,4,0,0
BRDA:37,5,0,0
BRDA:38,6,0,0
BRDA:72,7,0,0
BRDA:72,7,1,0
BRDA:72,8,0,0
BRDA:72,8,1,0
BRDA:92,9,0,0
BRDA:93,10,0,0
BRDA:93,10,1,0
BRDA:93,11,0,0
BRDA:93,11,1,0
BRDA:100,12,0,0
BRDA:101,13,0,0
BRDA:102,14,0,0
BRDA:106,15,0,0
BRDA:106,15,1,0
BRDA:107,16,0,0
BRDA:107,16,1,0
BRF:27
BRH:0
end_of_record
TN:
SF:src/utils/countryHelper.js
FN:10,(anonymous_0)
FN:44,(anonymous_1)
FN:50,(anonymous_2)
FN:54,(anonymous_3)
FNF:4
FNH:0
FNDA:0,(anonymous_0)
FNDA:0,(anonymous_1)
FNDA:0,(anonymous_2)
FNDA:0,(anonymous_3)
DA:10,0
DA:11,0
DA:12,0
DA:16,0
DA:17,0
DA:21,0
DA:22,0
DA:24,0
DA:25,0
DA:26,0
DA:29,0
DA:31,0
DA:35,0
DA:44,0
DA:45,0
DA:46,0
DA:49,0
DA:50,0
DA:54,0
LF:19
LH:0
BRDA:11,0,0,0
BRDA:11,0,1,0
BRDA:16,1,0,0
BRDA:16,1,1,0
BRDA:16,2,0,0
BRDA:16,2,1,0
BRDA:24,3,0,0
BRDA:24,3,1,0
BRDA:45,4,0,0
BRDA:45,4,1,0
BRDA:45,5,0,0
BRDA:45,5,1,0
BRF:12
BRH:0
end_of_record
TN:
SF:src/utils/couponHelper.js
FN:12,(anonymous_0)
FN:44,(anonymous_1)
FN:45,(anonymous_2)
FN:53,(anonymous_3)
FN:54,(anonymous_4)
FN:55,(anonymous_5)
FN:84,(anonymous_6)
FNF:7
FNH:0
FNDA:0,(anonymous_0)
FNDA:0,(anonymous_1)
FNDA:0,(anonymous_2)
FNDA:0,(anonymous_3)
FNDA:0,(anonymous_4)
FNDA:0,(anonymous_5)
FNDA:0,(anonymous_6)
DA:12,0
DA:13,0
DA:14,0
DA:17,0
DA:22,0
DA:23,0
DA:27,0
DA:28,0
DA:29,0
DA:33,0
DA:34,0
DA:38,0
DA:39,0
DA:43,0
DA:44,0
DA:45,0
DA:46,0
DA:47,0
DA:52,0
DA:53,0
DA:54,0
DA:55,0
DA:57,0
DA:58,0
DA:63,0
DA:64,0
DA:65,0
DA:67,0
DA:68,0
DA:70,0
DA:71,0
DA:73,0
DA:74,0
DA:78,0
DA:84,0
DA:85,0
LF:36
LH:0
BRDA:12,0,0,0
BRDA:12,1,0,0
BRDA:13,2,0,0
BRDA:13,2,1,0
BRDA:22,3,0,0
BRDA:22,3,1,0
BRDA:28,4,0,0
BRDA:28,4,1,0
BRDA:28,5,0,0
BRDA:28,5,1,0
BRDA:33,6,0,0
BRDA:33,6,1,0
BRDA:33,7,0,0
BRDA:33,7,1,0
BRDA:38,8,0,0
BRDA:38,8,1,0
BRDA:43,9,0,0
BRDA:43,9,1,0
BRDA:43,10,0,0
BRDA:43,10,1,0
BRDA:46,11,0,0
BRDA:46,11,1,0
BRDA:52,12,0,0
BRDA:52,12,1,0
BRDA:52,13,0,0
BRDA:52,13,1,0
BRDA:53,14,0,0
BRDA:53,14,1,0
BRDA:57,15,0,0
BRDA:57,15,1,0
BRDA:64,16,0,0
BRDA:64,16,1,0
BRDA:67,17,0,0
BRDA:67,17,1,0
BRDA:67,18,0,0
BRDA:67,18,1,0
BRDA:70,19,0,0
BRDA:70,19,1,0
BRDA:73,20,0,0
BRDA:73,20,1,0
BRF:40
BRH:0
end_of_record
TN:
SF:src/utils/currencyConverter.js
FN:32,(anonymous_0)
FN:50,(anonymous_1)
FN:64,(anonymous_2)
FNF:3
FNH:0
FNDA:0,(anonymous_0)
FNDA:0,(anonymous_1)
FNDA:0,(anonymous_2)
DA:7,0
DA:32,0
DA:33,0
DA:34,0
DA:36,0
DA:37,0
DA:38,0
DA:41,0
DA:50,0
DA:51,0
DA:64,0
DA:65,0
DA:71,0
DA:72,0
DA:77,0
LF:15
LH:0
BRDA:33,0,0,0
BRDA:33,0,1,0
BRDA:33,1,0,0
BRDA:33,1,1,0
BRDA:34,2,0,0
BRDA:34,2,1,0
BRDA:37,3,0,0
BRDA:37,3,1,0
BRDA:71,4,0,0
BRDA:71,4,1,0
BRDA:77,5,0,0
BRDA:77,5,1,0
BRF:12
BRH:0
end_of_record
TN:
SF:src/utils/emailService.js
FN:9,(anonymous_0)
FN:26,(anonymous_1)
FN:44,(anonymous_2)
FN:71,(anonymous_3)
FN:72,(anonymous_4)
FN:151,(anonymous_5)
FN:183,(anonymous_6)
FNF:7
FNH:4
FNDA:1,(anonymous_0)
FNDA:3,(anonymous_1)
FNDA:3,(anonymous_2)
FNDA:0,(anonymous_3)
FNDA:0,(anonymous_4)
FNDA:0,(anonymous_5)
FNDA:3,(anonymous_6)
DA:6,1
DA:9,1
DA:11,1
DA:12,0
DA:21,0
DA:24,1
DA:25,1
DA:27,3
DA:32,3
DA:39,1
DA:44,1
DA:45,3
DA:46,3
DA:47,0
DA:50,3
DA:58,3
DA:59,3
DA:60,3
DA:62,0
DA:63,0
DA:70,1
DA:72,0
DA:81,0
DA:152,0
DA:184,3
LF:25
LH:17
BRDA:11,0,0,0
BRDA:11,0,1,1
BRDA:11,1,0,1
BRDA:11,1,1,0
BRDA:11,1,2,0
BRDA:14,2,0,0
BRDA:14,2,1,0
BRDA:44,3,0,3
BRDA:46,4,0,0
BRDA:46,4,1,3
BRDA:55,5,0,3
BRDA:55,5,1,3
BRDA:124,6,0,0
BRDA:124,6,1,0
BRDA:173,7,0,0
BRDA:173,7,1,0
BRF:16
BRH:6
end_of_record
TN:
SF:src/utils/errorHandler.js
FN:4,(anonymous_0)
FN:15,(anonymous_1)
FN:71,(anonymous_2)
FN:77,(anonymous_3)
FN:78,(anonymous_4)
FNF:5
FNH:3
FNDA:3,(anonymous_0)
FNDA:0,(anonymous_1)
FNDA:0,(anonymous_2)
FNDA:12,(anonymous_3)
FNDA:5,(anonymous_4)
DA:5,3
DA:6,3
DA:7,3
DA:8,3
DA:9,3
DA:11,3
DA:15,1
DA:16,0
DA:17,0
DA:20,0
DA:21,0
DA:32,0
DA:42,0
DA:43,0
DA:53,0
DA:55,0
DA:62,0
DA:71,1
DA:72,0
DA:73,0
DA:77,1
DA:78,12
DA:79,5
LF:23
LH:11
BRDA:4,0,0,1
BRDA:7,1,0,3
BRDA:7,1,1,0
BRDA:16,2,0,0
BRDA:16,2,1,0
BRDA:17,3,0,0
BRDA:17,3,1,0
BRDA:20,4,0,0
BRDA:20,4,1,0
BRDA:42,5,0,0
BRDA:42,5,1,0
BRDA:47,6,0,0
BRDA:47,6,1,0
BRDA:49,7,0,0
BRDA:49,7,1,0
BRDA:53,8,0,0
BRDA:53,8,1,0
BRDA:58,9,0,0
BRDA:58,9,1,0
BRF:19
BRH:2
end_of_record
TN:
SF:src/utils/fileValidator.js
FN:62,(anonymous_0)
FN:63,(anonymous_1)
FN:67,(anonymous_2)
FN:68,(anonymous_3)
FN:79,(anonymous_4)
FN:101,(anonymous_5)
FN:120,(anonymous_6)
FN:203,(anonymous_7)
FNF:8
FNH:0
FNDA:0,(anonymous_0)
FNDA:0,(anonymous_1)
FNDA:0,(anonymous_2)
FNDA:0,(anonymous_3)
FNDA:0,(anonymous_4)
FNDA:0,(anonymous_5)
FNDA:0,(anonymous_6)
FNDA:0,(anonymous_7)
DA:6,0
DA:7,0
DA:13,0
DA:32,0
DA:49,0
DA:62,0
DA:63,0
DA:64,0
DA:65,0
DA:67,0
DA:68,0
DA:69,0
DA:79,0
DA:80,0
DA:81,0
DA:83,0
DA:87,0
DA:88,0
DA:89,0
DA:93,0
DA:101,0
DA:102,0
DA:103,0
DA:104,0
DA:107,0
DA:120,0
DA:121,0
DA:122,0
DA:123,0
DA:127,0
DA:128,0
DA:132,0
DA:133,0
DA:134,0
DA:139,0
DA:143,0
DA:144,0
DA:145,0
DA:152,0
DA:153,0
DA:154,0
DA:155,0
DA:158,0
DA:159,0
DA:165,0
DA:172,0
DA:173,0
DA:179,0
DA:186,0
DA:188,0
DA:193,0
DA:203,0
DA:204,0
DA:205,0
DA:208,0
DA:209,0
DA:210,0
DA:211,0
DA:212,0
DA:216,0
LF:60
LH:0
BRDA:62,0,0,0
BRDA:81,1,0,0
BRDA:81,1,1,0
BRDA:87,2,0,0
BRDA:87,2,1,0
BRDA:88,3,0,0
BRDA:88,3,1,0
BRDA:103,4,0,0
BRDA:103,4,1,0
BRDA:122,5,0,0
BRDA:122,5,1,0
BRDA:127,6,0,0
BRDA:127,6,1,0
BRDA:133,7,0,0
BRDA:133,7,1,0
BRDA:144,8,0,0
BRDA:144,8,1,0
BRDA:152,9,0,0
BRDA:152,9,1,0
BRDA:153,10,0,0
BRDA:153,10,1,0
BRDA:158,11,0,0
BRDA:158,11,1,0
BRDA:158,12,0,0
BRDA:158,12,1,0
BRDA:172,13,0,0
BRDA:172,13,1,0
BRDA:172,14,0,0
BRDA:172,14,1,0
BRDA:181,15,0,0
BRDA:181,15,1,0
BRDA:204,16,0,0
BRDA:204,16,1,0
BRDA:211,17,0,0
BRDA:211,17,1,0
BRDA:218,18,0,0
BRDA:218,18,1,0
BRF:37
BRH:0
end_of_record
TN:
SF:src/utils/imageProcessor.js
FN:17,(anonymous_0)
FN:99,(anonymous_1)
FN:130,(anonymous_2)
FNF:3
FNH:0
FNDA:0,(anonymous_0)
FNDA:0,(anonymous_1)
FNDA:0,(anonymous_2)
DA:7,0
DA:8,0
DA:17,0
DA:24,0
DA:26,0
DA:28,0
DA:29,0
DA:30,0
DA:31,0
DA:32,0
DA:36,0
DA:39,0
DA:41,0
DA:43,0
DA:44,0
DA:51,0
DA:53,0
DA:54,0
DA:57,0
DA:58,0
DA:60,0
DA:61,0
DA:63,0
DA:66,0
DA:69,0
DA:70,0
DA:71,0
DA:73,0
DA:81,0
DA:83,0
DA:88,0
DA:99,0
DA:100,0
DA:101,0
DA:109,0
DA:115,0
DA:117,0
DA:121,0
DA:130,0
DA:131,0
DA:133,0
DA:135,0
DA:143,0
DA:145,0
DA:148,0
DA:149,0
DA:151,0
LF:47
LH:0
BRDA:17,0,0,0
BRDA:17,1,0,0
BRDA:19,2,0,0
BRDA:20,3,0,0
BRDA:21,4,0,0
BRDA:22,5,0,0
BRDA:23,6,0,0
BRDA:28,7,0,0
BRDA:28,7,1,0
BRDA:29,8,0,0
BRDA:29,8,1,0
BRDA:39,9,0,0
BRDA:39,9,1,0
BRDA:43,10,0,0
BRDA:43,10,1,0
BRDA:51,11,0,0
BRDA:51,11,1,0
BRDA:51,11,2,0
BRDA:51,11,3,0
BRDA:51,11,4,0
BRDA:99,12,0,0
BRDA:148,13,0,0
BRDA:148,13,1,0
BRF:23
BRH:0
end_of_record
TN:
SF:src/utils/jwt.js
FN:9,(anonymous_0)
FN:16,(anonymous_1)
FN:23,(anonymous_2)
FN:28,(anonymous_3)
FNF:4
FNH:2
FNDA:4,(anonymous_0)
FNDA:4,(anonymous_1)
FNDA:0,(anonymous_2)
FNDA:0,(anonymous_3)
DA:4,1
DA:5,1
DA:6,1
DA:9,1
DA:10,4
DA:16,1
DA:17,4
DA:23,1
DA:24,0
DA:28,1
DA:29,0
DA:30,0
DA:31,0
DA:33,0
LF:14
LH:9
BRDA:5,0,0,1
BRDA:5,0,1,0
BRDA:6,1,0,1
BRDA:6,1,1,0
BRDA:30,2,0,0
BRDA:30,2,1,0
BRF:6
BRH:2
end_of_record
TN:
SF:src/utils/logger.js
FN:47,(anonymous_0)
FNF:1
FNH:1
FNDA:22,(anonymous_0)
DA:6,1
DA:7,1
DA:10,1
DA:11,1
DA:12,0
DA:16,1
DA:43,1
DA:44,1
DA:48,22
DA:49,22
DA:50,0
DA:51,22
DA:52,22
DA:54,22
DA:60,0
LF:15
LH:12
BRDA:11,0,0,0
BRDA:11,0,1,1
BRDA:17,1,0,1
BRDA:17,1,1,1
BRDA:17,2,0,0
BRDA:17,2,1,1
BRDA:43,3,0,1
BRDA:43,3,1,0
BRDA:49,4,0,0
BRDA:49,4,1,22
BRDA:49,5,0,22
BRDA:49,5,1,22
BRDA:51,6,0,22
BRDA:51,6,1,0
BRF:14
BRH:9
end_of_record
TN:
SF:src/utils/notifications.js
FN:3,(anonymous_0)
FN:9,(anonymous_1)
FN:15,(anonymous_2)
FNF:3
FNH:1
FNDA:0,(anonymous_0)
FNDA:0,(anonymous_1)
FNDA:3,(anonymous_2)
DA:3,1
DA:4,0
DA:5,0
DA:6,0
DA:9,1
DA:10,0
DA:11,0
DA:12,0
DA:15,1
DA:16,3
DA:17,3
DA:18,3
LF:12
LH:6
BRF:0
BRH:0
end_of_record
TN:
SF:src/utils/passwordValidator.js
FN:19,(anonymous_0)
FN:83,(anonymous_1)
FN:122,(anonymous_2)
FNF:3
FNH:1
FNDA:3,(anonymous_0)
FNDA:0,(anonymous_1)
FNDA:0,(anonymous_2)
DA:7,1
DA:19,1
DA:20,3
DA:23,3
DA:24,0
DA:28,3
DA:29,0
DA:33,3
DA:34,0
DA:38,3
DA:39,0
DA:43,3
DA:44,0
DA:48,3
DA:49,0
DA:53,3
DA:54,3
DA:55,3
DA:56,15
DA:57,0
DA:58,0
DA:63,3
DA:64,0
DA:68,3
DA:69,0
DA:72,3
DA:83,1
DA:84,0
DA:86,0
DA:89,0
DA:90,0
DA:91,0
DA:94,0
DA:95,0
DA:96,0
DA:97,0
DA:98,0
DA:101,0
DA:102,0
DA:103,0
DA:106,0
DA:107,0
DA:110,0
DA:111,0
DA:114,0
DA:122,1
DA:123,0
DA:124,0
DA:125,0
DA:126,0
DA:127,0
LF:51
LH:18
BRDA:23,0,0,0
BRDA:23,0,1,3
BRDA:23,1,0,3
BRDA:23,1,1,3
BRDA:28,2,0,0
BRDA:28,2,1,3
BRDA:28,3,0,3
BRDA:28,3,1,3
BRDA:33,4,0,0
BRDA:33,4,1,3
BRDA:38,5,0,0
BRDA:38,5,1,3
BRDA:43,6,0,0
BRDA:43,6,1,3
BRDA:48,7,0,0
BRDA:48,7,1,3
BRDA:56,8,0,0
BRDA:56,8,1,15
BRDA:63,9,0,0
BRDA:63,9,1,3
BRDA:63,10,0,3
BRDA:63,10,1,3
BRDA:68,11,0,0
BRDA:68,11,1,3
BRDA:84,12,0,0
BRDA:84,12,1,0
BRDA:89,13,0,0
BRDA:89,13,1,0
BRDA:90,14,0,0
BRDA:90,14,1,0
BRDA:91,15,0,0
BRDA:91,15,1,0
BRDA:94,16,0,0
BRDA:94,16,1,0
BRDA:95,17,0,0
BRDA:95,17,1,0
BRDA:96,18,0,0
BRDA:96,18,1,0
BRDA:97,19,0,0
BRDA:97,19,1,0
BRDA:98,20,0,0
BRDA:98,20,1,0
BRDA:106,21,0,0
BRDA:106,21,1,0
BRDA:110,22,0,0
BRDA:110,22,1,0
BRDA:123,23,0,0
BRDA:123,23,1,0
BRDA:124,24,0,0
BRDA:124,24,1,0
BRDA:125,25,0,0
BRDA:125,25,1,0
BRDA:126,26,0,0
BRDA:126,26,1,0
BRF:54
BRH:15
end_of_record
TN:
SF:src/utils/securityLogger.js
FN:13,(anonymous_0)
FN:26,(anonymous_1)
FN:40,(anonymous_2)
FN:54,(anonymous_3)
FN:67,(anonymous_4)
FN:81,(anonymous_5)
FN:95,(anonymous_6)
FN:109,(anonymous_7)
FN:123,(anonymous_8)
FN:138,(anonymous_9)
FN:152,(anonymous_10)
FNF:11
FNH:3
FNDA:7,(anonymous_0)
FNDA:2,(anonymous_1)
FNDA:3,(anonymous_2)
FNDA:0,(anonymous_3)
FNDA:0,(anonymous_4)
FNDA:0,(anonymous_5)
FNDA:0,(anonymous_6)
FNDA:0,(anonymous_7)
FNDA:0,(anonymous_8)
FNDA:0,(anonymous_9)
FNDA:0,(anonymous_10)
DA:13,1
DA:14,7
DA:20,7
DA:26,1
DA:27,2
DA:40,1
DA:41,3
DA:54,1
DA:55,0
DA:67,1
DA:68,0
DA:81,1
DA:82,0
DA:95,1
DA:96,0
DA:109,1
DA:110,0
DA:123,1
DA:124,0
DA:138,1
DA:139,0
DA:152,1
DA:153,0
LF:23
LH:15
BRDA:13,0,0,0
BRDA:26,1,0,0
BRDA:26,2,0,1
BRDA:30,3,0,2
BRDA:30,3,1,0
BRDA:30,3,2,0
BRDA:33,4,0,2
BRDA:33,4,1,1
BRDA:33,5,0,1
BRDA:33,5,1,0
BRDA:40,6,0,0
BRDA:40,7,0,3
BRDA:44,8,0,3
BRDA:44,8,1,0
BRDA:47,9,0,3
BRDA:47,9,1,3
BRDA:47,10,0,3
BRDA:47,10,1,0
BRDA:54,11,0,0
BRDA:60,12,0,0
BRDA:60,12,1,0
BRDA:60,13,0,0
BRDA:60,13,1,0
BRDA:67,14,0,0
BRDA:95,15,0,0
BRDA:95,16,0,0
BRDA:109,17,0,0
BRDA:123,18,0,0
BRDA:152,19,0,0
BRF:29
BRH:10
end_of_record
TN:
SF:src/utils/securityMonitoring.js
FN:10,(anonymous_0)
FN:27,(anonymous_1)
FN:45,(anonymous_2)
FN:69,(anonymous_3)
FN:73,(anonymous_4)
FN:86,(anonymous_5)
FN:93,(anonymous_6)
FN:107,(anonymous_7)
FN:111,(anonymous_8)
FN:115,(anonymous_9)
FN:125,(anonymous_10)
FN:127,(anonymous_11)
FN:134,(anonymous_12)
FN:150,(anonymous_13)
FN:157,(anonymous_14)
FNF:15
FNH:3
FNDA:1,(anonymous_0)
FNDA:2,(anonymous_1)
FNDA:3,(anonymous_2)
FNDA:0,(anonymous_3)
FNDA:0,(anonymous_4)
FNDA:0,(anonymous_5)
FNDA:0,(anonymous_6)
FNDA:0,(anonymous_7)
FNDA:0,(anonymous_8)
FNDA:0,(anonymous_9)
FNDA:0,(anonymous_10)
FNDA:0,(anonymous_11)
FNDA:0,(anonymous_12)
FNDA:0,(anonymous_13)
FNDA:0,(anonymous_14)
DA:11,1
DA:18,1
DA:28,2
DA:36,2
DA:37,2
DA:38,2
DA:41,2
DA:44,2
DA:45,2
DA:46,3
DA:50,2
DA:53,2
DA:54,0
DA:56,0
DA:57,0
DA:61,2
DA:70,0
DA:71,0
DA:73,0
DA:74,0
DA:77,0
DA:87,0
DA:93,0
DA:94,0
DA:95,0
DA:98,0
DA:108,0
DA:110,0
DA:111,0
DA:115,0
DA:117,0
DA:126,0
DA:127,0
DA:135,0
DA:142,0
DA:147,1
DA:150,1
DA:151,0
DA:157,1
DA:158,0
LF:40
LH:16
BRDA:27,0,0,0
BRDA:27,1,0,0
BRDA:37,2,0,2
BRDA:37,2,1,2
BRDA:38,3,0,2
BRDA:38,3,1,2
BRDA:53,4,0,0
BRDA:53,4,1,2
BRDA:53,5,0,2
BRDA:53,5,1,2
BRDA:56,6,0,0
BRDA:56,6,1,0
BRDA:69,7,0,0
BRDA:70,8,0,0
BRDA:94,9,0,0
BRDA:94,9,1,0
BRDA:95,10,0,0
BRDA:95,10,1,0
BRDA:107,11,0,0
BRDA:107,12,0,0
BRDA:110,13,0,0
BRDA:110,13,1,0
BRDA:125,14,0,0
BRDA:159,15,0,0
BRDA:159,15,1,0
BRF:25
BRH:7
end_of_record
TN:
SF:src/utils/sentry.js
FN:7,(anonymous_0)
FN:29,(anonymous_1)
FN:40,(anonymous_2)
FNF:3
FNH:0
FNDA:0,(anonymous_0)
FNDA:0,(anonymous_1)
FNDA:0,(anonymous_2)
DA:7,0
DA:8,0
DA:9,0
DA:10,0
DA:13,0
DA:23,0
DA:29,0
DA:30,0
DA:31,0
DA:40,0
DA:41,0
DA:42,0
LF:12
LH:0
BRDA:8,0,0,0
BRDA:8,0,1,0
BRDA:16,1,0,0
BRDA:16,1,1,0
BRDA:29,2,0,0
BRDA:30,3,0,0
BRDA:30,3,1,0
BRDA:40,4,0,0
BRDA:40,5,0,0
BRDA:41,6,0,0
BRDA:41,6,1,0
BRF:11
BRH:0
end_of_record
TN:
SF:src/utils/totp.js
FN:11,(anonymous_0)
FN:36,(anonymous_1)
FN:63,(anonymous_2)
FN:75,(anonymous_3)
FN:89,(anonymous_4)
FN:122,(anonymous_5)
FN:145,(anonymous_6)
FN:168,(anonymous_7)
FN:199,(anonymous_8)
FNF:9
FNH:0
FNDA:0,(anonymous_0)
FNDA:0,(anonymous_1)
FNDA:0,(anonymous_2)
FNDA:0,(anonymous_3)
FNDA:0,(anonymous_4)
FNDA:0,(anonymous_5)
FNDA:0,(anonymous_6)
FNDA:0,(anonymous_7)
FNDA:0,(anonymous_8)
DA:4,1
DA:5,1
DA:8,1
DA:9,1
DA:11,1
DA:12,0
DA:14,0
DA:16,0
DA:17,0
DA:18,0
DA:21,0
DA:25,0
DA:28,0
DA:36,1
DA:37,0
DA:38,0
DA:39,0
DA:40,0
DA:42,0
DA:43,0
DA:44,0
DA:46,0
DA:47,0
DA:48,0
DA:52,0
DA:53,0
DA:56,0
DA:63,1
DA:64,0
DA:65,0
DA:75,1
DA:76,0
DA:77,0
DA:78,0
DA:79,0
DA:80,0
DA:81,0
DA:89,1
DA:90,0
DA:93,0
DA:96,0
DA:97,0
DA:100,0
DA:101,0
DA:102,0
DA:105,0
DA:106,0
DA:112,0
DA:122,1
DA:123,0
DA:124,0
DA:125,0
DA:128,0
DA:129,0
DA:130,0
DA:131,0
DA:132,0
DA:136,0
DA:145,1
DA:146,0
DA:147,0
DA:148,0
DA:150,0
DA:151,0
DA:152,0
DA:154,0
DA:155,0
DA:160,0
DA:168,1
DA:169,0
DA:170,0
DA:171,0
DA:172,0
DA:173,0
DA:175,0
DA:176,0
DA:177,0
DA:179,0
DA:180,0
DA:182,0
DA:183,0
DA:185,0
DA:186,0
DA:187,0
DA:191,0
DA:199,1
DA:200,0
DA:201,0
DA:203,0
DA:204,0
DA:206,0
LF:91
LH:13
BRDA:12,0,0,0
BRDA:12,0,1,0
BRDA:17,1,0,0
BRDA:17,1,1,0
BRDA:22,2,0,0
BRDA:22,2,1,0
BRDA:23,3,0,0
BRDA:23,3,1,0
BRDA:52,4,0,0
BRDA:52,4,1,0
BRDA:75,5,0,0
BRDA:77,6,0,0
BRDA:77,6,1,0
BRDA:77,6,2,0
BRDA:122,7,0,0
BRDA:124,8,0,0
BRDA:124,8,1,0
BRDA:124,9,0,0
BRDA:124,9,1,0
BRDA:131,10,0,0
BRDA:131,10,1,0
BRDA:177,11,0,0
BRDA:177,11,1,0
BRDA:180,12,0,0
BRDA:180,12,1,0
BRDA:185,13,0,0
BRDA:185,13,1,0
BRDA:199,14,0,0
BRF:28
BRH:0
end_of_record
TN:
SF:src/utils/validation.js
FN:2,(anonymous_0)
FN:7,(anonymous_1)
FN:11,(anonymous_2)
FN:18,(anonymous_3)
FNF:4
FNH:0
FNDA:0,(anonymous_0)
FNDA:0,(anonymous_1)
FNDA:0,(anonymous_2)
FNDA:0,(anonymous_3)
DA:2,0
DA:3,0
DA:4,0
DA:7,0
DA:8,0
DA:11,0
DA:12,0
DA:13,0
DA:15,0
DA:18,0
DA:19,0
DA:20,0
DA:21,0
DA:23,0
DA:24,0
DA:26,0
DA:27,0
DA:29,0
LF:18
LH:0
BRDA:8,0,0,0
BRDA:8,0,1,0
BRDA:12,1,0,0
BRDA:12,1,1,0
BRDA:12,2,0,0
BRDA:12,2,1,0
BRDA:12,2,2,0
BRDA:18,3,0,0
BRDA:18,4,0,0
BRDA:20,5,0,0
BRDA:20,5,1,0
BRDA:23,6,0,0
BRDA:23,6,1,0
BRDA:23,7,0,0
BRDA:23,7,1,0
BRDA:26,8,0,0
BRDA:26,8,1,0
BRDA:26,9,0,0
BRDA:26,9,1,0
BRF:19
BRH:0
end_of_record
